#
# There is insufficient memory for the Java Runtime Environment to continue.
# Native memory allocation (malloc) failed to allocate 735536 bytes. Error detail: Chunk::new
# Possible reasons:
#   The system is out of physical RAM or swap space
#   This process is running with CompressedOops enabled, and the Java Heap may be blocking the growth of the native heap
# Possible solutions:
#   Reduce memory load on the system
#   Increase physical memory or swap space
#   Check if swap backing store is full
#   Decrease Java heap size (-Xmx/-Xms)
#   Decrease number of Java threads
#   Decrease Java thread stack sizes (-Xss)
#   Set larger code cache with -XX:ReservedCodeCacheSize=
#   JVM is running with Unscaled Compressed Oops mode in which the Java heap is
#     placed in the first 4GB address space. The Java Heap base address is the
#     maximum limit for the native heap growth. Please use -XX:HeapBaseMinAddress
#     to set the Java Heap base and to place the Java Heap above 4GB virtual address.
# This output file may be truncated or incomplete.
#
#  Out of Memory Error (arena.cpp:191), pid=17056, tid=8636
#
# JRE version: OpenJDK Runtime Environment Microsoft-13877129 (17.0.19+10) (build 17.0.19+10-LTS)
# Java VM: OpenJDK 64-Bit Server VM Microsoft-13877129 (17.0.19+10-LTS, mixed mode, sharing, tiered, compressed oops, compressed class ptrs, g1 gc, windows-amd64)
# No core dump will be written. Minidumps are not enabled by default on client versions of Windows
#

---------------  S U M M A R Y ------------

Command Line: --add-opens=java.base/java.lang=ALL-UNNAMED --add-opens=java.base/java.lang.invoke=ALL-UNNAMED --add-opens=java.base/java.util=ALL-UNNAMED --add-opens=java.prefs/java.util.prefs=ALL-UNNAMED --add-exports=jdk.compiler/com.sun.tools.javac.api=ALL-UNNAMED --add-exports=jdk.compiler/com.sun.tools.javac.util=ALL-UNNAMED --add-opens=java.base/java.util=ALL-UNNAMED --add-opens=java.prefs/java.util.prefs=ALL-UNNAMED --add-opens=java.base/java.nio.charset=ALL-UNNAMED --add-opens=java.base/java.net=ALL-UNNAMED --add-opens=java.base/java.util.concurrent.atomic=ALL-UNNAMED --add-opens=java.xml/javax.xml.namespace=ALL-UNNAMED -XX:MaxMetaspaceSize=384m -XX:+HeapDumpOnOutOfMemoryError -Xms256m -Xmx512m -Dfile.encoding=UTF-8 -Duser.country=ID -Duser.language=en -Duser.variant -javaagent:C:\Users\USER\.gradle\wrapper\dists\gradle-8.14-bin\38aieal9i53h9rfe7vjup95b9\gradle-8.14\lib\agents\gradle-instrumentation-agent-8.14.jar org.gradle.launcher.daemon.bootstrap.GradleDaemon 8.14

Host: Intel(R) Core(TM) i3-10110U CPU @ 2.10GHz, 4 cores, 7G,  Windows 10 , 64 bit Build 19041 (10.0.19041.5915)
Time: Sat May 30 11:49:56 2026 SE Asia Standard Time elapsed time: 124.314651 seconds (0d 0h 2m 4s)

---------------  T H R E A D  ---------------

Current thread (0x0000017346610030):  JavaThread "C2 CompilerThread0" daemon [_thread_in_native, id=8636, stack(0x0000003749500000,0x0000003749600000)]


Current CompileTask:
C2:124314 2457       4       jdk.internal.org.objectweb.asm.Frame::execute (2305 bytes)

Stack: [0x0000003749500000,0x0000003749600000]
Native frames: (J=compiled Java code, j=interpreted, Vv=VM code, C=native code)
V  [jvm.dll+0x68cc89]  (no source info available)
V  [jvm.dll+0x845d89]  (no source info available)
V  [jvm.dll+0x847af8]  (no source info available)
V  [jvm.dll+0x848183]  (no source info available)
V  [jvm.dll+0x24d0bf]  (no source info available)
V  [jvm.dll+0xaed56]  (no source info available)
V  [jvm.dll+0xaf3fc]  (no source info available)
V  [jvm.dll+0x2b4cdf]  (no source info available)
V  [jvm.dll+0x594a44]  (no source info available)
V  [jvm.dll+0x226ed4]  (no source info available)
V  [jvm.dll+0x21f825]  (no source info available)
V  [jvm.dll+0x21d305]  (no source info available)
V  [jvm.dll+0x1a8db6]  (no source info available)
V  [jvm.dll+0x22dc6b]  (no source info available)
V  [jvm.dll+0x22bdf6]  (no source info available)
V  [jvm.dll+0x7fbecb]  (no source info available)
V  [jvm.dll+0x7f62cc]  (no source info available)
V  [jvm.dll+0x68e227]  (no source info available)
C  [ucrtbase.dll+0x21bb2]  (no source info available)
C  [KERNEL32.DLL+0x17374]  (no source info available)
C  [ntdll.dll+0x4cc91]  (no source info available)


---------------  P R O C E S S  ---------------

Threads class SMR info:
_java_thread_list=0x00000173611af4b0, length=22, elements={
0x000001732c2906c0, 0x00000173465f68e0, 0x00000173465f73b0, 0x000001734660b8b0,
0x000001734660e290, 0x000001734660eb60, 0x000001734660f430, 0x0000017346610030,
0x000001734666bc60, 0x000001734666e930, 0x00000173465dbe90, 0x00000173467e1680,
0x0000017361498d20, 0x00000173606c9090, 0x00000173605c7940, 0x00000173609d3030,
0x00000173614cf030, 0x00000173613fd020, 0x00000173613fa290, 0x00000173613fbbe0,
0x00000173613f9d80, 0x00000173613f9870
}

Java Threads: ( => current thread )
  0x000001732c2906c0 JavaThread "main" [_thread_blocked, id=17768, stack(0x0000003748800000,0x0000003748900000)]
  0x00000173465f68e0 JavaThread "Reference Handler" daemon [_thread_blocked, id=4184, stack(0x0000003748f00000,0x0000003749000000)]
  0x00000173465f73b0 JavaThread "Finalizer" daemon [_thread_blocked, id=1992, stack(0x0000003749000000,0x0000003749100000)]
  0x000001734660b8b0 JavaThread "Signal Dispatcher" daemon [_thread_blocked, id=2700, stack(0x0000003749100000,0x0000003749200000)]
  0x000001734660e290 JavaThread "Attach Listener" daemon [_thread_blocked, id=16752, stack(0x0000003749200000,0x0000003749300000)]
  0x000001734660eb60 JavaThread "Service Thread" daemon [_thread_blocked, id=19236, stack(0x0000003749300000,0x0000003749400000)]
  0x000001734660f430 JavaThread "Monitor Deflation Thread" daemon [_thread_blocked, id=19204, stack(0x0000003749400000,0x0000003749500000)]
=>0x0000017346610030 JavaThread "C2 CompilerThread0" daemon [_thread_in_native, id=8636, stack(0x0000003749500000,0x0000003749600000)]
  0x000001734666bc60 JavaThread "C1 CompilerThread0" daemon [_thread_blocked, id=6924, stack(0x0000003749600000,0x0000003749700000)]
  0x000001734666e930 JavaThread "Sweeper thread" daemon [_thread_blocked, id=15108, stack(0x0000003749700000,0x0000003749800000)]
  0x00000173465dbe90 JavaThread "Common-Cleaner" daemon [_thread_blocked, id=424, stack(0x0000003749800000,0x0000003749900000)]
  0x00000173467e1680 JavaThread "Notification Thread" daemon [_thread_blocked, id=19208, stack(0x0000003749900000,0x0000003749a00000)]
  0x0000017361498d20 JavaThread "Daemon health stats" [_thread_blocked, id=3400, stack(0x0000003748600000,0x0000003748700000)]
  0x00000173606c9090 JavaThread "Incoming local TCP Connector on port 51951" [_thread_in_native, id=19160, stack(0x0000003749e00000,0x0000003749f00000)]
  0x00000173605c7940 JavaThread "Daemon periodic checks" [_thread_blocked, id=5552, stack(0x0000003749f00000,0x000000374a000000)]
  0x00000173609d3030 JavaThread "Daemon" [_thread_blocked, id=18544, stack(0x000000374a000000,0x000000374a100000)]
  0x00000173614cf030 JavaThread "Handler for socket connection from /127.0.0.1:51951 to /127.0.0.1:51968" [_thread_in_native, id=17060, stack(0x000000374a300000,0x000000374a400000)]
  0x00000173613fd020 JavaThread "Cancel handler" [_thread_blocked, id=15412, stack(0x000000374a400000,0x000000374a500000)]
  0x00000173613fa290 JavaThread "Daemon worker" [_thread_in_Java, id=17224, stack(0x000000374a500000,0x000000374a600000)]
  0x00000173613fbbe0 JavaThread "Asynchronous log dispatcher for DefaultDaemonConnection: socket connection from /127.0.0.1:51951 to /127.0.0.1:51968" [_thread_blocked, id=8680, stack(0x000000374a600000,0x000000374a700000)]
  0x00000173613f9d80 JavaThread "Stdin handler" [_thread_blocked, id=16492, stack(0x000000374a700000,0x000000374a800000)]
  0x00000173613f9870 JavaThread "Daemon client event forwarder" [_thread_blocked, id=16592, stack(0x000000374a800000,0x000000374a900000)]

Other Threads:
  0x00000173465ec410 VMThread "VM Thread" [stack: 0x0000003748e00000,0x0000003748f00000] [id=6176]
  0x0000017346793ec0 WatcherThread [stack: 0x0000003749a00000,0x0000003749b00000] [id=4304]
  0x000001732c2bdd40 GCTaskThread "GC Thread#0" [stack: 0x0000003748900000,0x0000003748a00000] [id=17516]
  0x00000173467d84d0 GCTaskThread "GC Thread#1" [stack: 0x0000003749b00000,0x0000003749c00000] [id=18096]
  0x000001734687e7a0 GCTaskThread "GC Thread#2" [stack: 0x0000003749c00000,0x0000003749d00000] [id=2212]
  0x000001734687ea70 GCTaskThread "GC Thread#3" [stack: 0x0000003749d00000,0x0000003749e00000] [id=9692]
  0x000001732c2c2a50 ConcurrentGCThread "G1 Main Marker" [stack: 0x0000003748a00000,0x0000003748b00000] [id=15112]
  0x000001732c2c3220 ConcurrentGCThread "G1 Conc#0" [stack: 0x0000003748b00000,0x0000003748c00000] [id=18068]
  0x00000173464ae510 ConcurrentGCThread "G1 Refine#0" [stack: 0x0000003748c00000,0x0000003748d00000] [id=8060]
  0x00000173464afc10 ConcurrentGCThread "G1 Service" [stack: 0x0000003748d00000,0x0000003748e00000] [id=19216]

Threads with active compile tasks:
C2 CompilerThread0  124347 2457       4       jdk.internal.org.objectweb.asm.Frame::execute (2305 bytes)

VM state: not at safepoint (normal execution)

VM Mutex/Monitor currently owned by a thread: None

Heap address: 0x00000000e0000000, size: 512 MB, Compressed Oops mode: 32-bit

CDS archive(s) mapped at: [0x0000017347000000-0x0000017347bb0000-0x0000017347bb0000), size 12255232, SharedBaseAddress: 0x0000017347000000, ArchiveRelocationMode: 1.
Compressed class space mapped at: 0x0000017348000000-0x000001735c000000, reserved size: 335544320
Narrow klass base: 0x0000017347000000, Narrow klass shift: 0, Narrow klass range: 0x100000000

GC Precious Log:
 CPUs: 4 total, 4 available
 Memory: 8015M
 Large Page Support: Disabled
 NUMA Support: Disabled
 Compressed Oops: Enabled (32-bit)
 Heap Region Size: 1M
 Heap Min Capacity: 256M
 Heap Initial Capacity: 256M
 Heap Max Capacity: 512M
 Pre-touch: Disabled
 Parallel Workers: 4
 Concurrent Workers: 1
 Concurrent Refinement Workers: 4
 Periodic GC: Disabled

Heap:
 garbage-first heap   total 262144K, used 129616K [0x00000000e0000000, 0x0000000100000000)
  region size 1024K, 119 young (121856K), 3 survivors (3072K)
 Metaspace       used 13841K, committed 14080K, reserved 393216K
  class space    used 1886K, committed 2048K, reserved 327680K

Heap Regions: E=young(eden), S=young(survivor), O=old, HS=humongous(starts), HC=humongous(continues), CS=collection set, F=free, OA=open archive, CA=closed archive, TAMS=top-at-mark-start (previous, next)
|   0|0x00000000e0000000, 0x00000000e0100000, 0x00000000e0100000|100%|HS|  |TAMS 0x00000000e0000000, 0x00000000e0000000| Complete 
|   1|0x00000000e0100000, 0x00000000e0200000, 0x00000000e0200000|100%|HC|  |TAMS 0x00000000e0100000, 0x00000000e0100000| Complete 
|   2|0x00000000e0200000, 0x00000000e0300000, 0x00000000e0300000|100%|HC|  |TAMS 0x00000000e0200000, 0x00000000e0200000| Complete 
|   3|0x00000000e0300000, 0x00000000e0400000, 0x00000000e0400000|100%| O|  |TAMS 0x00000000e0300000, 0x00000000e0300000| Untracked 
|   4|0x00000000e0400000, 0x00000000e0500000, 0x00000000e0500000|100%| O|  |TAMS 0x00000000e0400000, 0x00000000e0400000| Untracked 
|   5|0x00000000e0500000, 0x00000000e0600000, 0x00000000e0600000|100%| O|  |TAMS 0x00000000e0500000, 0x00000000e0500000| Untracked 
|   6|0x00000000e0600000, 0x00000000e0694000, 0x00000000e0700000| 57%| O|  |TAMS 0x00000000e0600000, 0x00000000e0600000| Untracked 
|   7|0x00000000e0700000, 0x00000000e0800000, 0x00000000e0800000|100%|HS|  |TAMS 0x00000000e0700000, 0x00000000e0700000| Complete 
|   8|0x00000000e0800000, 0x00000000e0900000, 0x00000000e0900000|100%|HS|  |TAMS 0x00000000e0800000, 0x00000000e0800000| Complete 
|   9|0x00000000e0900000, 0x00000000e0900000, 0x00000000e0a00000|  0%| F|  |TAMS 0x00000000e0900000, 0x00000000e0900000| Untracked 
|  10|0x00000000e0a00000, 0x00000000e0a00000, 0x00000000e0b00000|  0%| F|  |TAMS 0x00000000e0a00000, 0x00000000e0a00000| Untracked 
|  11|0x00000000e0b00000, 0x00000000e0b00000, 0x00000000e0c00000|  0%| F|  |TAMS 0x00000000e0b00000, 0x00000000e0b00000| Untracked 
|  12|0x00000000e0c00000, 0x00000000e0c00000, 0x00000000e0d00000|  0%| F|  |TAMS 0x00000000e0c00000, 0x00000000e0c00000| Untracked 
|  13|0x00000000e0d00000, 0x00000000e0d00000, 0x00000000e0e00000|  0%| F|  |TAMS 0x00000000e0d00000, 0x00000000e0d00000| Untracked 
|  14|0x00000000e0e00000, 0x00000000e0e00000, 0x00000000e0f00000|  0%| F|  |TAMS 0x00000000e0e00000, 0x00000000e0e00000| Untracked 
|  15|0x00000000e0f00000, 0x00000000e0f00000, 0x00000000e1000000|  0%| F|  |TAMS 0x00000000e0f00000, 0x00000000e0f00000| Untracked 
|  16|0x00000000e1000000, 0x00000000e1000000, 0x00000000e1100000|  0%| F|  |TAMS 0x00000000e1000000, 0x00000000e1000000| Untracked 
|  17|0x00000000e1100000, 0x00000000e1100000, 0x00000000e1200000|  0%| F|  |TAMS 0x00000000e1100000, 0x00000000e1100000| Untracked 
|  18|0x00000000e1200000, 0x00000000e1200000, 0x00000000e1300000|  0%| F|  |TAMS 0x00000000e1200000, 0x00000000e1200000| Untracked 
|  19|0x00000000e1300000, 0x00000000e1300000, 0x00000000e1400000|  0%| F|  |TAMS 0x00000000e1300000, 0x00000000e1300000| Untracked 
|  20|0x00000000e1400000, 0x00000000e1400000, 0x00000000e1500000|  0%| F|  |TAMS 0x00000000e1400000, 0x00000000e1400000| Untracked 
|  21|0x00000000e1500000, 0x00000000e1500000, 0x00000000e1600000|  0%| F|  |TAMS 0x00000000e1500000, 0x00000000e1500000| Untracked 
|  22|0x00000000e1600000, 0x00000000e1600000, 0x00000000e1700000|  0%| F|  |TAMS 0x00000000e1600000, 0x00000000e1600000| Untracked 
|  23|0x00000000e1700000, 0x00000000e1700000, 0x00000000e1800000|  0%| F|  |TAMS 0x00000000e1700000, 0x00000000e1700000| Untracked 
|  24|0x00000000e1800000, 0x00000000e1800000, 0x00000000e1900000|  0%| F|  |TAMS 0x00000000e1800000, 0x00000000e1800000| Untracked 
|  25|0x00000000e1900000, 0x00000000e1900000, 0x00000000e1a00000|  0%| F|  |TAMS 0x00000000e1900000, 0x00000000e1900000| Untracked 
|  26|0x00000000e1a00000, 0x00000000e1a00000, 0x00000000e1b00000|  0%| F|  |TAMS 0x00000000e1a00000, 0x00000000e1a00000| Untracked 
|  27|0x00000000e1b00000, 0x00000000e1b00000, 0x00000000e1c00000|  0%| F|  |TAMS 0x00000000e1b00000, 0x00000000e1b00000| Untracked 
|  28|0x00000000e1c00000, 0x00000000e1c00000, 0x00000000e1d00000|  0%| F|  |TAMS 0x00000000e1c00000, 0x00000000e1c00000| Untracked 
|  29|0x00000000e1d00000, 0x00000000e1d00000, 0x00000000e1e00000|  0%| F|  |TAMS 0x00000000e1d00000, 0x00000000e1d00000| Untracked 
|  30|0x00000000e1e00000, 0x00000000e1e00000, 0x00000000e1f00000|  0%| F|  |TAMS 0x00000000e1e00000, 0x00000000e1e00000| Untracked 
|  31|0x00000000e1f00000, 0x00000000e1f00000, 0x00000000e2000000|  0%| F|  |TAMS 0x00000000e1f00000, 0x00000000e1f00000| Untracked 
|  32|0x00000000e2000000, 0x00000000e2000000, 0x00000000e2100000|  0%| F|  |TAMS 0x00000000e2000000, 0x00000000e2000000| Untracked 
|  33|0x00000000e2100000, 0x00000000e2100000, 0x00000000e2200000|  0%| F|  |TAMS 0x00000000e2100000, 0x00000000e2100000| Untracked 
|  34|0x00000000e2200000, 0x00000000e2200000, 0x00000000e2300000|  0%| F|  |TAMS 0x00000000e2200000, 0x00000000e2200000| Untracked 
|  35|0x00000000e2300000, 0x00000000e2300000, 0x00000000e2400000|  0%| F|  |TAMS 0x00000000e2300000, 0x00000000e2300000| Untracked 
|  36|0x00000000e2400000, 0x00000000e2400000, 0x00000000e2500000|  0%| F|  |TAMS 0x00000000e2400000, 0x00000000e2400000| Untracked 
|  37|0x00000000e2500000, 0x00000000e2500000, 0x00000000e2600000|  0%| F|  |TAMS 0x00000000e2500000, 0x00000000e2500000| Untracked 
|  38|0x00000000e2600000, 0x00000000e2600000, 0x00000000e2700000|  0%| F|  |TAMS 0x00000000e2600000, 0x00000000e2600000| Untracked 
|  39|0x00000000e2700000, 0x00000000e2700000, 0x00000000e2800000|  0%| F|  |TAMS 0x00000000e2700000, 0x00000000e2700000| Untracked 
|  40|0x00000000e2800000, 0x00000000e2800000, 0x00000000e2900000|  0%| F|  |TAMS 0x00000000e2800000, 0x00000000e2800000| Untracked 
|  41|0x00000000e2900000, 0x00000000e2900000, 0x00000000e2a00000|  0%| F|  |TAMS 0x00000000e2900000, 0x00000000e2900000| Untracked 
|  42|0x00000000e2a00000, 0x00000000e2a00000, 0x00000000e2b00000|  0%| F|  |TAMS 0x00000000e2a00000, 0x00000000e2a00000| Untracked 
|  43|0x00000000e2b00000, 0x00000000e2b00000, 0x00000000e2c00000|  0%| F|  |TAMS 0x00000000e2b00000, 0x00000000e2b00000| Untracked 
|  44|0x00000000e2c00000, 0x00000000e2c00000, 0x00000000e2d00000|  0%| F|  |TAMS 0x00000000e2c00000, 0x00000000e2c00000| Untracked 
|  45|0x00000000e2d00000, 0x00000000e2d00000, 0x00000000e2e00000|  0%| F|  |TAMS 0x00000000e2d00000, 0x00000000e2d00000| Untracked 
|  46|0x00000000e2e00000, 0x00000000e2e00000, 0x00000000e2f00000|  0%| F|  |TAMS 0x00000000e2e00000, 0x00000000e2e00000| Untracked 
|  47|0x00000000e2f00000, 0x00000000e2f00000, 0x00000000e3000000|  0%| F|  |TAMS 0x00000000e2f00000, 0x00000000e2f00000| Untracked 
|  48|0x00000000e3000000, 0x00000000e3000000, 0x00000000e3100000|  0%| F|  |TAMS 0x00000000e3000000, 0x00000000e3000000| Untracked 
|  49|0x00000000e3100000, 0x00000000e3100000, 0x00000000e3200000|  0%| F|  |TAMS 0x00000000e3100000, 0x00000000e3100000| Untracked 
|  50|0x00000000e3200000, 0x00000000e3200000, 0x00000000e3300000|  0%| F|  |TAMS 0x00000000e3200000, 0x00000000e3200000| Untracked 
|  51|0x00000000e3300000, 0x00000000e3300000, 0x00000000e3400000|  0%| F|  |TAMS 0x00000000e3300000, 0x00000000e3300000| Untracked 
|  52|0x00000000e3400000, 0x00000000e3400000, 0x00000000e3500000|  0%| F|  |TAMS 0x00000000e3400000, 0x00000000e3400000| Untracked 
|  53|0x00000000e3500000, 0x00000000e3500000, 0x00000000e3600000|  0%| F|  |TAMS 0x00000000e3500000, 0x00000000e3500000| Untracked 
|  54|0x00000000e3600000, 0x00000000e3600000, 0x00000000e3700000|  0%| F|  |TAMS 0x00000000e3600000, 0x00000000e3600000| Untracked 
|  55|0x00000000e3700000, 0x00000000e3700000, 0x00000000e3800000|  0%| F|  |TAMS 0x00000000e3700000, 0x00000000e3700000| Untracked 
|  56|0x00000000e3800000, 0x00000000e3800000, 0x00000000e3900000|  0%| F|  |TAMS 0x00000000e3800000, 0x00000000e3800000| Untracked 
|  57|0x00000000e3900000, 0x00000000e3900000, 0x00000000e3a00000|  0%| F|  |TAMS 0x00000000e3900000, 0x00000000e3900000| Untracked 
|  58|0x00000000e3a00000, 0x00000000e3a00000, 0x00000000e3b00000|  0%| F|  |TAMS 0x00000000e3a00000, 0x00000000e3a00000| Untracked 
|  59|0x00000000e3b00000, 0x00000000e3b00000, 0x00000000e3c00000|  0%| F|  |TAMS 0x00000000e3b00000, 0x00000000e3b00000| Untracked 
|  60|0x00000000e3c00000, 0x00000000e3c00000, 0x00000000e3d00000|  0%| F|  |TAMS 0x00000000e3c00000, 0x00000000e3c00000| Untracked 
|  61|0x00000000e3d00000, 0x00000000e3d00000, 0x00000000e3e00000|  0%| F|  |TAMS 0x00000000e3d00000, 0x00000000e3d00000| Untracked 
|  62|0x00000000e3e00000, 0x00000000e3e00000, 0x00000000e3f00000|  0%| F|  |TAMS 0x00000000e3e00000, 0x00000000e3e00000| Untracked 
|  63|0x00000000e3f00000, 0x00000000e3f00000, 0x00000000e4000000|  0%| F|  |TAMS 0x00000000e3f00000, 0x00000000e3f00000| Untracked 
|  64|0x00000000e4000000, 0x00000000e4000000, 0x00000000e4100000|  0%| F|  |TAMS 0x00000000e4000000, 0x00000000e4000000| Untracked 
|  65|0x00000000e4100000, 0x00000000e4100000, 0x00000000e4200000|  0%| F|  |TAMS 0x00000000e4100000, 0x00000000e4100000| Untracked 
|  66|0x00000000e4200000, 0x00000000e4200000, 0x00000000e4300000|  0%| F|  |TAMS 0x00000000e4200000, 0x00000000e4200000| Untracked 
|  67|0x00000000e4300000, 0x00000000e4300000, 0x00000000e4400000|  0%| F|  |TAMS 0x00000000e4300000, 0x00000000e4300000| Untracked 
|  68|0x00000000e4400000, 0x00000000e4400000, 0x00000000e4500000|  0%| F|  |TAMS 0x00000000e4400000, 0x00000000e4400000| Untracked 
|  69|0x00000000e4500000, 0x00000000e4500000, 0x00000000e4600000|  0%| F|  |TAMS 0x00000000e4500000, 0x00000000e4500000| Untracked 
|  70|0x00000000e4600000, 0x00000000e4600000, 0x00000000e4700000|  0%| F|  |TAMS 0x00000000e4600000, 0x00000000e4600000| Untracked 
|  71|0x00000000e4700000, 0x00000000e4700000, 0x00000000e4800000|  0%| F|  |TAMS 0x00000000e4700000, 0x00000000e4700000| Untracked 
|  72|0x00000000e4800000, 0x00000000e4800000, 0x00000000e4900000|  0%| F|  |TAMS 0x00000000e4800000, 0x00000000e4800000| Untracked 
|  73|0x00000000e4900000, 0x00000000e4900000, 0x00000000e4a00000|  0%| F|  |TAMS 0x00000000e4900000, 0x00000000e4900000| Untracked 
|  74|0x00000000e4a00000, 0x00000000e4a00000, 0x00000000e4b00000|  0%| F|  |TAMS 0x00000000e4a00000, 0x00000000e4a00000| Untracked 
|  75|0x00000000e4b00000, 0x00000000e4b00000, 0x00000000e4c00000|  0%| F|  |TAMS 0x00000000e4b00000, 0x00000000e4b00000| Untracked 
|  76|0x00000000e4c00000, 0x00000000e4c00000, 0x00000000e4d00000|  0%| F|  |TAMS 0x00000000e4c00000, 0x00000000e4c00000| Untracked 
|  77|0x00000000e4d00000, 0x00000000e4d00000, 0x00000000e4e00000|  0%| F|  |TAMS 0x00000000e4d00000, 0x00000000e4d00000| Untracked 
|  78|0x00000000e4e00000, 0x00000000e4e00000, 0x00000000e4f00000|  0%| F|  |TAMS 0x00000000e4e00000, 0x00000000e4e00000| Untracked 
|  79|0x00000000e4f00000, 0x00000000e4f00000, 0x00000000e5000000|  0%| F|  |TAMS 0x00000000e4f00000, 0x00000000e4f00000| Untracked 
|  80|0x00000000e5000000, 0x00000000e5000000, 0x00000000e5100000|  0%| F|  |TAMS 0x00000000e5000000, 0x00000000e5000000| Untracked 
|  81|0x00000000e5100000, 0x00000000e5100000, 0x00000000e5200000|  0%| F|  |TAMS 0x00000000e5100000, 0x00000000e5100000| Untracked 
|  82|0x00000000e5200000, 0x00000000e5200000, 0x00000000e5300000|  0%| F|  |TAMS 0x00000000e5200000, 0x00000000e5200000| Untracked 
|  83|0x00000000e5300000, 0x00000000e5300000, 0x00000000e5400000|  0%| F|  |TAMS 0x00000000e5300000, 0x00000000e5300000| Untracked 
|  84|0x00000000e5400000, 0x00000000e5400000, 0x00000000e5500000|  0%| F|  |TAMS 0x00000000e5400000, 0x00000000e5400000| Untracked 
|  85|0x00000000e5500000, 0x00000000e5500000, 0x00000000e5600000|  0%| F|  |TAMS 0x00000000e5500000, 0x00000000e5500000| Untracked 
|  86|0x00000000e5600000, 0x00000000e5600000, 0x00000000e5700000|  0%| F|  |TAMS 0x00000000e5600000, 0x00000000e5600000| Untracked 
|  87|0x00000000e5700000, 0x00000000e5700000, 0x00000000e5800000|  0%| F|  |TAMS 0x00000000e5700000, 0x00000000e5700000| Untracked 
|  88|0x00000000e5800000, 0x00000000e5800000, 0x00000000e5900000|  0%| F|  |TAMS 0x00000000e5800000, 0x00000000e5800000| Untracked 
|  89|0x00000000e5900000, 0x00000000e5900000, 0x00000000e5a00000|  0%| F|  |TAMS 0x00000000e5900000, 0x00000000e5900000| Untracked 
|  90|0x00000000e5a00000, 0x00000000e5a00000, 0x00000000e5b00000|  0%| F|  |TAMS 0x00000000e5a00000, 0x00000000e5a00000| Untracked 
|  91|0x00000000e5b00000, 0x00000000e5b00000, 0x00000000e5c00000|  0%| F|  |TAMS 0x00000000e5b00000, 0x00000000e5b00000| Untracked 
|  92|0x00000000e5c00000, 0x00000000e5c00000, 0x00000000e5d00000|  0%| F|  |TAMS 0x00000000e5c00000, 0x00000000e5c00000| Untracked 
|  93|0x00000000e5d00000, 0x00000000e5d00000, 0x00000000e5e00000|  0%| F|  |TAMS 0x00000000e5d00000, 0x00000000e5d00000| Untracked 
|  94|0x00000000e5e00000, 0x00000000e5e00000, 0x00000000e5f00000|  0%| F|  |TAMS 0x00000000e5e00000, 0x00000000e5e00000| Untracked 
|  95|0x00000000e5f00000, 0x00000000e5f00000, 0x00000000e6000000|  0%| F|  |TAMS 0x00000000e5f00000, 0x00000000e5f00000| Untracked 
|  96|0x00000000e6000000, 0x00000000e6000000, 0x00000000e6100000|  0%| F|  |TAMS 0x00000000e6000000, 0x00000000e6000000| Untracked 
|  97|0x00000000e6100000, 0x00000000e6100000, 0x00000000e6200000|  0%| F|  |TAMS 0x00000000e6100000, 0x00000000e6100000| Untracked 
|  98|0x00000000e6200000, 0x00000000e6200000, 0x00000000e6300000|  0%| F|  |TAMS 0x00000000e6200000, 0x00000000e6200000| Untracked 
|  99|0x00000000e6300000, 0x00000000e6300000, 0x00000000e6400000|  0%| F|  |TAMS 0x00000000e6300000, 0x00000000e6300000| Untracked 
| 100|0x00000000e6400000, 0x00000000e6400000, 0x00000000e6500000|  0%| F|  |TAMS 0x00000000e6400000, 0x00000000e6400000| Untracked 
| 101|0x00000000e6500000, 0x00000000e6500000, 0x00000000e6600000|  0%| F|  |TAMS 0x00000000e6500000, 0x00000000e6500000| Untracked 
| 102|0x00000000e6600000, 0x00000000e6600000, 0x00000000e6700000|  0%| F|  |TAMS 0x00000000e6600000, 0x00000000e6600000| Untracked 
| 103|0x00000000e6700000, 0x00000000e6700000, 0x00000000e6800000|  0%| F|  |TAMS 0x00000000e6700000, 0x00000000e6700000| Untracked 
| 104|0x00000000e6800000, 0x00000000e6800000, 0x00000000e6900000|  0%| F|  |TAMS 0x00000000e6800000, 0x00000000e6800000| Untracked 
| 105|0x00000000e6900000, 0x00000000e6900000, 0x00000000e6a00000|  0%| F|  |TAMS 0x00000000e6900000, 0x00000000e6900000| Untracked 
| 106|0x00000000e6a00000, 0x00000000e6a00000, 0x00000000e6b00000|  0%| F|  |TAMS 0x00000000e6a00000, 0x00000000e6a00000| Untracked 
| 107|0x00000000e6b00000, 0x00000000e6b00000, 0x00000000e6c00000|  0%| F|  |TAMS 0x00000000e6b00000, 0x00000000e6b00000| Untracked 
| 108|0x00000000e6c00000, 0x00000000e6c00000, 0x00000000e6d00000|  0%| F|  |TAMS 0x00000000e6c00000, 0x00000000e6c00000| Untracked 
| 109|0x00000000e6d00000, 0x00000000e6d00000, 0x00000000e6e00000|  0%| F|  |TAMS 0x00000000e6d00000, 0x00000000e6d00000| Untracked 
| 110|0x00000000e6e00000, 0x00000000e6e00000, 0x00000000e6f00000|  0%| F|  |TAMS 0x00000000e6e00000, 0x00000000e6e00000| Untracked 
| 111|0x00000000e6f00000, 0x00000000e6f00000, 0x00000000e7000000|  0%| F|  |TAMS 0x00000000e6f00000, 0x00000000e6f00000| Untracked 
| 112|0x00000000e7000000, 0x00000000e7000000, 0x00000000e7100000|  0%| F|  |TAMS 0x00000000e7000000, 0x00000000e7000000| Untracked 
| 113|0x00000000e7100000, 0x00000000e7100000, 0x00000000e7200000|  0%| F|  |TAMS 0x00000000e7100000, 0x00000000e7100000| Untracked 
| 114|0x00000000e7200000, 0x00000000e7200000, 0x00000000e7300000|  0%| F|  |TAMS 0x00000000e7200000, 0x00000000e7200000| Untracked 
| 115|0x00000000e7300000, 0x00000000e7300000, 0x00000000e7400000|  0%| F|  |TAMS 0x00000000e7300000, 0x00000000e7300000| Untracked 
| 116|0x00000000e7400000, 0x00000000e7400000, 0x00000000e7500000|  0%| F|  |TAMS 0x00000000e7400000, 0x00000000e7400000| Untracked 
| 117|0x00000000e7500000, 0x00000000e7500000, 0x00000000e7600000|  0%| F|  |TAMS 0x00000000e7500000, 0x00000000e7500000| Untracked 
| 118|0x00000000e7600000, 0x00000000e7600000, 0x00000000e7700000|  0%| F|  |TAMS 0x00000000e7600000, 0x00000000e7600000| Untracked 
| 119|0x00000000e7700000, 0x00000000e7700000, 0x00000000e7800000|  0%| F|  |TAMS 0x00000000e7700000, 0x00000000e7700000| Untracked 
| 120|0x00000000e7800000, 0x00000000e7800000, 0x00000000e7900000|  0%| F|  |TAMS 0x00000000e7800000, 0x00000000e7800000| Untracked 
| 121|0x00000000e7900000, 0x00000000e7900000, 0x00000000e7a00000|  0%| F|  |TAMS 0x00000000e7900000, 0x00000000e7900000| Untracked 
| 122|0x00000000e7a00000, 0x00000000e7a00000, 0x00000000e7b00000|  0%| F|  |TAMS 0x00000000e7a00000, 0x00000000e7a00000| Untracked 
| 123|0x00000000e7b00000, 0x00000000e7b00000, 0x00000000e7c00000|  0%| F|  |TAMS 0x00000000e7b00000, 0x00000000e7b00000| Untracked 
| 124|0x00000000e7c00000, 0x00000000e7c00000, 0x00000000e7d00000|  0%| F|  |TAMS 0x00000000e7c00000, 0x00000000e7c00000| Untracked 
| 125|0x00000000e7d00000, 0x00000000e7d00000, 0x00000000e7e00000|  0%| F|  |TAMS 0x00000000e7d00000, 0x00000000e7d00000| Untracked 
| 126|0x00000000e7e00000, 0x00000000e7e00000, 0x00000000e7f00000|  0%| F|  |TAMS 0x00000000e7e00000, 0x00000000e7e00000| Untracked 
| 127|0x00000000e7f00000, 0x00000000e7f00000, 0x00000000e8000000|  0%| F|  |TAMS 0x00000000e7f00000, 0x00000000e7f00000| Untracked 
| 128|0x00000000e8000000, 0x00000000e8000000, 0x00000000e8100000|  0%| F|  |TAMS 0x00000000e8000000, 0x00000000e8000000| Untracked 
| 129|0x00000000e8100000, 0x00000000e8100000, 0x00000000e8200000|  0%| F|  |TAMS 0x00000000e8100000, 0x00000000e8100000| Untracked 
| 130|0x00000000e8200000, 0x00000000e8200000, 0x00000000e8300000|  0%| F|  |TAMS 0x00000000e8200000, 0x00000000e8200000| Untracked 
| 131|0x00000000e8300000, 0x00000000e8300000, 0x00000000e8400000|  0%| F|  |TAMS 0x00000000e8300000, 0x00000000e8300000| Untracked 
| 132|0x00000000e8400000, 0x00000000e8400000, 0x00000000e8500000|  0%| F|  |TAMS 0x00000000e8400000, 0x00000000e8400000| Untracked 
| 133|0x00000000e8500000, 0x00000000e8500000, 0x00000000e8600000|  0%| F|  |TAMS 0x00000000e8500000, 0x00000000e8500000| Untracked 
| 134|0x00000000e8600000, 0x00000000e8600000, 0x00000000e8700000|  0%| F|  |TAMS 0x00000000e8600000, 0x00000000e8600000| Untracked 
| 135|0x00000000e8700000, 0x00000000e8700000, 0x00000000e8800000|  0%| F|  |TAMS 0x00000000e8700000, 0x00000000e8700000| Untracked 
| 136|0x00000000e8800000, 0x00000000e8800000, 0x00000000e8900000|  0%| F|  |TAMS 0x00000000e8800000, 0x00000000e8800000| Untracked 
| 137|0x00000000e8900000, 0x00000000e8980000, 0x00000000e8a00000| 50%| E|  |TAMS 0x00000000e8900000, 0x00000000e8900000| Complete 
| 138|0x00000000e8a00000, 0x00000000e8b00000, 0x00000000e8b00000|100%| E|CS|TAMS 0x00000000e8a00000, 0x00000000e8a00000| Complete 
| 139|0x00000000e8b00000, 0x00000000e8c00000, 0x00000000e8c00000|100%| E|CS|TAMS 0x00000000e8b00000, 0x00000000e8b00000| Complete 
| 140|0x00000000e8c00000, 0x00000000e8d00000, 0x00000000e8d00000|100%| E|CS|TAMS 0x00000000e8c00000, 0x00000000e8c00000| Complete 
| 141|0x00000000e8d00000, 0x00000000e8e00000, 0x00000000e8e00000|100%| E|CS|TAMS 0x00000000e8d00000, 0x00000000e8d00000| Complete 
| 142|0x00000000e8e00000, 0x00000000e8f00000, 0x00000000e8f00000|100%| E|CS|TAMS 0x00000000e8e00000, 0x00000000e8e00000| Complete 
| 143|0x00000000e8f00000, 0x00000000e9000000, 0x00000000e9000000|100%| E|CS|TAMS 0x00000000e8f00000, 0x00000000e8f00000| Complete 
| 144|0x00000000e9000000, 0x00000000e9100000, 0x00000000e9100000|100%| E|CS|TAMS 0x00000000e9000000, 0x00000000e9000000| Complete 
| 145|0x00000000e9100000, 0x00000000e9200000, 0x00000000e9200000|100%| E|CS|TAMS 0x00000000e9100000, 0x00000000e9100000| Complete 
| 146|0x00000000e9200000, 0x00000000e9300000, 0x00000000e9300000|100%| E|CS|TAMS 0x00000000e9200000, 0x00000000e9200000| Complete 
| 147|0x00000000e9300000, 0x00000000e9400000, 0x00000000e9400000|100%| E|CS|TAMS 0x00000000e9300000, 0x00000000e9300000| Complete 
| 148|0x00000000e9400000, 0x00000000e9500000, 0x00000000e9500000|100%| E|CS|TAMS 0x00000000e9400000, 0x00000000e9400000| Complete 
| 149|0x00000000e9500000, 0x00000000e9600000, 0x00000000e9600000|100%| E|CS|TAMS 0x00000000e9500000, 0x00000000e9500000| Complete 
| 150|0x00000000e9600000, 0x00000000e9700000, 0x00000000e9700000|100%| E|CS|TAMS 0x00000000e9600000, 0x00000000e9600000| Complete 
| 151|0x00000000e9700000, 0x00000000e9800000, 0x00000000e9800000|100%| E|CS|TAMS 0x00000000e9700000, 0x00000000e9700000| Complete 
| 152|0x00000000e9800000, 0x00000000e9900000, 0x00000000e9900000|100%| E|CS|TAMS 0x00000000e9800000, 0x00000000e9800000| Complete 
| 153|0x00000000e9900000, 0x00000000e9a00000, 0x00000000e9a00000|100%| E|CS|TAMS 0x00000000e9900000, 0x00000000e9900000| Complete 
| 154|0x00000000e9a00000, 0x00000000e9b00000, 0x00000000e9b00000|100%| E|CS|TAMS 0x00000000e9a00000, 0x00000000e9a00000| Complete 
| 155|0x00000000e9b00000, 0x00000000e9c00000, 0x00000000e9c00000|100%| E|CS|TAMS 0x00000000e9b00000, 0x00000000e9b00000| Complete 
| 156|0x00000000e9c00000, 0x00000000e9d00000, 0x00000000e9d00000|100%| E|CS|TAMS 0x00000000e9c00000, 0x00000000e9c00000| Complete 
| 157|0x00000000e9d00000, 0x00000000e9e00000, 0x00000000e9e00000|100%| E|CS|TAMS 0x00000000e9d00000, 0x00000000e9d00000| Complete 
| 158|0x00000000e9e00000, 0x00000000e9f00000, 0x00000000e9f00000|100%| E|CS|TAMS 0x00000000e9e00000, 0x00000000e9e00000| Complete 
| 159|0x00000000e9f00000, 0x00000000ea000000, 0x00000000ea000000|100%| E|CS|TAMS 0x00000000e9f00000, 0x00000000e9f00000| Complete 
| 160|0x00000000ea000000, 0x00000000ea100000, 0x00000000ea100000|100%| E|CS|TAMS 0x00000000ea000000, 0x00000000ea000000| Complete 
| 161|0x00000000ea100000, 0x00000000ea200000, 0x00000000ea200000|100%| E|CS|TAMS 0x00000000ea100000, 0x00000000ea100000| Complete 
| 162|0x00000000ea200000, 0x00000000ea300000, 0x00000000ea300000|100%| E|CS|TAMS 0x00000000ea200000, 0x00000000ea200000| Complete 
| 163|0x00000000ea300000, 0x00000000ea400000, 0x00000000ea400000|100%| E|CS|TAMS 0x00000000ea300000, 0x00000000ea300000| Complete 
| 164|0x00000000ea400000, 0x00000000ea500000, 0x00000000ea500000|100%| E|CS|TAMS 0x00000000ea400000, 0x00000000ea400000| Complete 
| 165|0x00000000ea500000, 0x00000000ea600000, 0x00000000ea600000|100%| E|CS|TAMS 0x00000000ea500000, 0x00000000ea500000| Complete 
| 166|0x00000000ea600000, 0x00000000ea700000, 0x00000000ea700000|100%| E|CS|TAMS 0x00000000ea600000, 0x00000000ea600000| Complete 
| 167|0x00000000ea700000, 0x00000000ea800000, 0x00000000ea800000|100%| E|CS|TAMS 0x00000000ea700000, 0x00000000ea700000| Complete 
| 168|0x00000000ea800000, 0x00000000ea900000, 0x00000000ea900000|100%| E|CS|TAMS 0x00000000ea800000, 0x00000000ea800000| Complete 
| 169|0x00000000ea900000, 0x00000000eaa00000, 0x00000000eaa00000|100%| E|CS|TAMS 0x00000000ea900000, 0x00000000ea900000| Complete 
| 170|0x00000000eaa00000, 0x00000000eab00000, 0x00000000eab00000|100%| E|CS|TAMS 0x00000000eaa00000, 0x00000000eaa00000| Complete 
| 171|0x00000000eab00000, 0x00000000eac00000, 0x00000000eac00000|100%| E|CS|TAMS 0x00000000eab00000, 0x00000000eab00000| Complete 
| 172|0x00000000eac00000, 0x00000000ead00000, 0x00000000ead00000|100%| E|CS|TAMS 0x00000000eac00000, 0x00000000eac00000| Complete 
| 173|0x00000000ead00000, 0x00000000eae00000, 0x00000000eae00000|100%| E|CS|TAMS 0x00000000ead00000, 0x00000000ead00000| Complete 
| 174|0x00000000eae00000, 0x00000000eaf00000, 0x00000000eaf00000|100%| E|CS|TAMS 0x00000000eae00000, 0x00000000eae00000| Complete 
| 175|0x00000000eaf00000, 0x00000000eb000000, 0x00000000eb000000|100%| E|CS|TAMS 0x00000000eaf00000, 0x00000000eaf00000| Complete 
| 176|0x00000000eb000000, 0x00000000eb100000, 0x00000000eb100000|100%| E|CS|TAMS 0x00000000eb000000, 0x00000000eb000000| Complete 
| 177|0x00000000eb100000, 0x00000000eb200000, 0x00000000eb200000|100%| E|CS|TAMS 0x00000000eb100000, 0x00000000eb100000| Complete 
| 178|0x00000000eb200000, 0x00000000eb300000, 0x00000000eb300000|100%| E|CS|TAMS 0x00000000eb200000, 0x00000000eb200000| Complete 
| 179|0x00000000eb300000, 0x00000000eb400000, 0x00000000eb400000|100%| E|CS|TAMS 0x00000000eb300000, 0x00000000eb300000| Complete 
| 180|0x00000000eb400000, 0x00000000eb500000, 0x00000000eb500000|100%| E|CS|TAMS 0x00000000eb400000, 0x00000000eb400000| Complete 
| 181|0x00000000eb500000, 0x00000000eb600000, 0x00000000eb600000|100%| E|CS|TAMS 0x00000000eb500000, 0x00000000eb500000| Complete 
| 182|0x00000000eb600000, 0x00000000eb700000, 0x00000000eb700000|100%| E|CS|TAMS 0x00000000eb600000, 0x00000000eb600000| Complete 
| 183|0x00000000eb700000, 0x00000000eb800000, 0x00000000eb800000|100%| E|CS|TAMS 0x00000000eb700000, 0x00000000eb700000| Complete 
| 184|0x00000000eb800000, 0x00000000eb900000, 0x00000000eb900000|100%| E|CS|TAMS 0x00000000eb800000, 0x00000000eb800000| Complete 
| 185|0x00000000eb900000, 0x00000000eba00000, 0x00000000eba00000|100%| E|CS|TAMS 0x00000000eb900000, 0x00000000eb900000| Complete 
| 186|0x00000000eba00000, 0x00000000ebb00000, 0x00000000ebb00000|100%| E|CS|TAMS 0x00000000eba00000, 0x00000000eba00000| Complete 
| 187|0x00000000ebb00000, 0x00000000ebc00000, 0x00000000ebc00000|100%| E|CS|TAMS 0x00000000ebb00000, 0x00000000ebb00000| Complete 
| 188|0x00000000ebc00000, 0x00000000ebd00000, 0x00000000ebd00000|100%| E|CS|TAMS 0x00000000ebc00000, 0x00000000ebc00000| Complete 
| 189|0x00000000ebd00000, 0x00000000ebe00000, 0x00000000ebe00000|100%| E|CS|TAMS 0x00000000ebd00000, 0x00000000ebd00000| Complete 
| 190|0x00000000ebe00000, 0x00000000ebf00000, 0x00000000ebf00000|100%| E|CS|TAMS 0x00000000ebe00000, 0x00000000ebe00000| Complete 
| 191|0x00000000ebf00000, 0x00000000ec000000, 0x00000000ec000000|100%| E|CS|TAMS 0x00000000ebf00000, 0x00000000ebf00000| Complete 
| 192|0x00000000ec000000, 0x00000000ec100000, 0x00000000ec100000|100%| E|CS|TAMS 0x00000000ec000000, 0x00000000ec000000| Complete 
| 193|0x00000000ec100000, 0x00000000ec200000, 0x00000000ec200000|100%| E|CS|TAMS 0x00000000ec100000, 0x00000000ec100000| Complete 
| 194|0x00000000ec200000, 0x00000000ec300000, 0x00000000ec300000|100%| E|CS|TAMS 0x00000000ec200000, 0x00000000ec200000| Complete 
| 195|0x00000000ec300000, 0x00000000ec400000, 0x00000000ec400000|100%| E|CS|TAMS 0x00000000ec300000, 0x00000000ec300000| Complete 
| 196|0x00000000ec400000, 0x00000000ec500000, 0x00000000ec500000|100%| E|CS|TAMS 0x00000000ec400000, 0x00000000ec400000| Complete 
| 197|0x00000000ec500000, 0x00000000ec600000, 0x00000000ec600000|100%| E|CS|TAMS 0x00000000ec500000, 0x00000000ec500000| Complete 
| 198|0x00000000ec600000, 0x00000000ec700000, 0x00000000ec700000|100%| E|CS|TAMS 0x00000000ec600000, 0x00000000ec600000| Complete 
| 199|0x00000000ec700000, 0x00000000ec800000, 0x00000000ec800000|100%| E|CS|TAMS 0x00000000ec700000, 0x00000000ec700000| Complete 
| 200|0x00000000ec800000, 0x00000000ec900000, 0x00000000ec900000|100%| E|CS|TAMS 0x00000000ec800000, 0x00000000ec800000| Complete 
| 201|0x00000000ec900000, 0x00000000eca00000, 0x00000000eca00000|100%| E|CS|TAMS 0x00000000ec900000, 0x00000000ec900000| Complete 
| 202|0x00000000eca00000, 0x00000000ecb00000, 0x00000000ecb00000|100%| E|CS|TAMS 0x00000000eca00000, 0x00000000eca00000| Complete 
| 203|0x00000000ecb00000, 0x00000000ecc00000, 0x00000000ecc00000|100%| E|CS|TAMS 0x00000000ecb00000, 0x00000000ecb00000| Complete 
| 204|0x00000000ecc00000, 0x00000000ecd00000, 0x00000000ecd00000|100%| E|CS|TAMS 0x00000000ecc00000, 0x00000000ecc00000| Complete 
| 205|0x00000000ecd00000, 0x00000000ece00000, 0x00000000ece00000|100%| E|CS|TAMS 0x00000000ecd00000, 0x00000000ecd00000| Complete 
| 206|0x00000000ece00000, 0x00000000ecf00000, 0x00000000ecf00000|100%| E|CS|TAMS 0x00000000ece00000, 0x00000000ece00000| Complete 
| 207|0x00000000ecf00000, 0x00000000ed000000, 0x00000000ed000000|100%| E|CS|TAMS 0x00000000ecf00000, 0x00000000ecf00000| Complete 
| 208|0x00000000ed000000, 0x00000000ed100000, 0x00000000ed100000|100%| E|CS|TAMS 0x00000000ed000000, 0x00000000ed000000| Complete 
| 209|0x00000000ed100000, 0x00000000ed200000, 0x00000000ed200000|100%| E|CS|TAMS 0x00000000ed100000, 0x00000000ed100000| Complete 
| 210|0x00000000ed200000, 0x00000000ed300000, 0x00000000ed300000|100%| E|CS|TAMS 0x00000000ed200000, 0x00000000ed200000| Complete 
| 211|0x00000000ed300000, 0x00000000ed400000, 0x00000000ed400000|100%| E|CS|TAMS 0x00000000ed300000, 0x00000000ed300000| Complete 
| 212|0x00000000ed400000, 0x00000000ed500000, 0x00000000ed500000|100%| E|CS|TAMS 0x00000000ed400000, 0x00000000ed400000| Complete 
| 213|0x00000000ed500000, 0x00000000ed600000, 0x00000000ed600000|100%| E|CS|TAMS 0x00000000ed500000, 0x00000000ed500000| Complete 
| 214|0x00000000ed600000, 0x00000000ed700000, 0x00000000ed700000|100%| E|CS|TAMS 0x00000000ed600000, 0x00000000ed600000| Complete 
| 215|0x00000000ed700000, 0x00000000ed800000, 0x00000000ed800000|100%| E|CS|TAMS 0x00000000ed700000, 0x00000000ed700000| Complete 
| 216|0x00000000ed800000, 0x00000000ed900000, 0x00000000ed900000|100%| E|CS|TAMS 0x00000000ed800000, 0x00000000ed800000| Complete 
| 217|0x00000000ed900000, 0x00000000eda00000, 0x00000000eda00000|100%| E|CS|TAMS 0x00000000ed900000, 0x00000000ed900000| Complete 
| 218|0x00000000eda00000, 0x00000000edb00000, 0x00000000edb00000|100%| E|CS|TAMS 0x00000000eda00000, 0x00000000eda00000| Complete 
| 219|0x00000000edb00000, 0x00000000edc00000, 0x00000000edc00000|100%| E|CS|TAMS 0x00000000edb00000, 0x00000000edb00000| Complete 
| 220|0x00000000edc00000, 0x00000000edd00000, 0x00000000edd00000|100%| E|CS|TAMS 0x00000000edc00000, 0x00000000edc00000| Complete 
| 221|0x00000000edd00000, 0x00000000ede00000, 0x00000000ede00000|100%| E|CS|TAMS 0x00000000edd00000, 0x00000000edd00000| Complete 
| 222|0x00000000ede00000, 0x00000000edf00000, 0x00000000edf00000|100%| E|CS|TAMS 0x00000000ede00000, 0x00000000ede00000| Complete 
| 223|0x00000000edf00000, 0x00000000ee000000, 0x00000000ee000000|100%| E|CS|TAMS 0x00000000edf00000, 0x00000000edf00000| Complete 
| 224|0x00000000ee000000, 0x00000000ee100000, 0x00000000ee100000|100%| E|CS|TAMS 0x00000000ee000000, 0x00000000ee000000| Complete 
| 225|0x00000000ee100000, 0x00000000ee200000, 0x00000000ee200000|100%| E|CS|TAMS 0x00000000ee100000, 0x00000000ee100000| Complete 
| 226|0x00000000ee200000, 0x00000000ee300000, 0x00000000ee300000|100%| E|CS|TAMS 0x00000000ee200000, 0x00000000ee200000| Complete 
| 227|0x00000000ee300000, 0x00000000ee400000, 0x00000000ee400000|100%| E|CS|TAMS 0x00000000ee300000, 0x00000000ee300000| Complete 
| 228|0x00000000ee400000, 0x00000000ee500000, 0x00000000ee500000|100%| E|CS|TAMS 0x00000000ee400000, 0x00000000ee400000| Complete 
| 229|0x00000000ee500000, 0x00000000ee600000, 0x00000000ee600000|100%| E|CS|TAMS 0x00000000ee500000, 0x00000000ee500000| Complete 
| 230|0x00000000ee600000, 0x00000000ee700000, 0x00000000ee700000|100%| E|CS|TAMS 0x00000000ee600000, 0x00000000ee600000| Complete 
| 231|0x00000000ee700000, 0x00000000ee800000, 0x00000000ee800000|100%| E|CS|TAMS 0x00000000ee700000, 0x00000000ee700000| Complete 
| 232|0x00000000ee800000, 0x00000000ee900000, 0x00000000ee900000|100%| S|CS|TAMS 0x00000000ee800000, 0x00000000ee800000| Complete 
| 233|0x00000000ee900000, 0x00000000eea00000, 0x00000000eea00000|100%| S|CS|TAMS 0x00000000ee900000, 0x00000000ee900000| Complete 
| 234|0x00000000eea00000, 0x00000000eeb00000, 0x00000000eeb00000|100%| S|CS|TAMS 0x00000000eea00000, 0x00000000eea00000| Complete 
| 235|0x00000000eeb00000, 0x00000000eec00000, 0x00000000eec00000|100%| E|CS|TAMS 0x00000000eeb00000, 0x00000000eeb00000| Complete 
| 236|0x00000000eec00000, 0x00000000eed00000, 0x00000000eed00000|100%| E|CS|TAMS 0x00000000eec00000, 0x00000000eec00000| Complete 
| 237|0x00000000eed00000, 0x00000000eee00000, 0x00000000eee00000|100%| E|CS|TAMS 0x00000000eed00000, 0x00000000eed00000| Complete 
| 238|0x00000000eee00000, 0x00000000eef00000, 0x00000000eef00000|100%| E|CS|TAMS 0x00000000eee00000, 0x00000000eee00000| Complete 
| 239|0x00000000eef00000, 0x00000000ef000000, 0x00000000ef000000|100%| E|CS|TAMS 0x00000000eef00000, 0x00000000eef00000| Complete 
| 240|0x00000000ef000000, 0x00000000ef100000, 0x00000000ef100000|100%| E|CS|TAMS 0x00000000ef000000, 0x00000000ef000000| Complete 
| 241|0x00000000ef100000, 0x00000000ef200000, 0x00000000ef200000|100%| E|CS|TAMS 0x00000000ef100000, 0x00000000ef100000| Complete 
| 242|0x00000000ef200000, 0x00000000ef300000, 0x00000000ef300000|100%| E|CS|TAMS 0x00000000ef200000, 0x00000000ef200000| Complete 
| 243|0x00000000ef300000, 0x00000000ef400000, 0x00000000ef400000|100%| E|CS|TAMS 0x00000000ef300000, 0x00000000ef300000| Complete 
| 244|0x00000000ef400000, 0x00000000ef500000, 0x00000000ef500000|100%| E|CS|TAMS 0x00000000ef400000, 0x00000000ef400000| Complete 
| 245|0x00000000ef500000, 0x00000000ef600000, 0x00000000ef600000|100%| E|CS|TAMS 0x00000000ef500000, 0x00000000ef500000| Complete 
| 246|0x00000000ef600000, 0x00000000ef700000, 0x00000000ef700000|100%| E|CS|TAMS 0x00000000ef600000, 0x00000000ef600000| Complete 
| 247|0x00000000ef700000, 0x00000000ef800000, 0x00000000ef800000|100%| E|CS|TAMS 0x00000000ef700000, 0x00000000ef700000| Complete 
| 248|0x00000000ef800000, 0x00000000ef900000, 0x00000000ef900000|100%| E|CS|TAMS 0x00000000ef800000, 0x00000000ef800000| Complete 
| 249|0x00000000ef900000, 0x00000000efa00000, 0x00000000efa00000|100%| E|CS|TAMS 0x00000000ef900000, 0x00000000ef900000| Complete 
| 250|0x00000000efa00000, 0x00000000efb00000, 0x00000000efb00000|100%| E|CS|TAMS 0x00000000efa00000, 0x00000000efa00000| Complete 
| 251|0x00000000efb00000, 0x00000000efc00000, 0x00000000efc00000|100%| E|CS|TAMS 0x00000000efb00000, 0x00000000efb00000| Complete 
| 252|0x00000000efc00000, 0x00000000efd00000, 0x00000000efd00000|100%| E|CS|TAMS 0x00000000efc00000, 0x00000000efc00000| Complete 
| 253|0x00000000efd00000, 0x00000000efe00000, 0x00000000efe00000|100%| E|CS|TAMS 0x00000000efd00000, 0x00000000efd00000| Complete 
| 254|0x00000000efe00000, 0x00000000eff00000, 0x00000000eff00000|100%| E|CS|TAMS 0x00000000efe00000, 0x00000000efe00000| Complete 
| 255|0x00000000eff00000, 0x00000000f0000000, 0x00000000f0000000|100%| E|CS|TAMS 0x00000000eff00000, 0x00000000eff00000| Complete 

Card table byte_map: [0x0000017342e30000,0x0000017342f30000] _byte_map_base: 0x0000017342730000

Marking Bits (Prev, Next): (CMBitMap*) 0x000001732c2be120, (CMBitMap*) 0x000001732c2be160
 Prev Bits: [0x0000017343030000, 0x0000017343830000)
 Next Bits: [0x0000017343830000, 0x0000017344030000)

Polling page: 0x000001732a250000

Metaspace:

Usage:
  Non-class:     11.70 MB used.
      Class:      1.85 MB used.
       Both:     13.55 MB used.

Virtual space:
  Non-class space:       64.00 MB reserved,      11.88 MB ( 19%) committed,  1 nodes.
      Class space:      320.00 MB reserved,       2.00 MB ( <1%) committed,  1 nodes.
             Both:      384.00 MB reserved,      13.88 MB (  4%) committed. 

Chunk freelists:
   Non-Class:  3.84 MB
       Class:  14.02 MB
        Both:  17.86 MB

MaxMetaspaceSize: 384.00 MB
CompressedClassSpaceSize: 320.00 MB
Initial GC threshold: 21.00 MB
Current GC threshold: 21.00 MB
CDS: on
MetaspaceReclaimPolicy: balanced
 - commit_granule_bytes: 65536.
 - commit_granule_words: 8192.
 - virtual_space_node_default_size: 8388608.
 - enlarge_chunks_in_place: 1.
 - new_chunks_are_fully_committed: 0.
 - uncommit_free_chunks: 1.
 - use_allocation_guard: 0.
 - handle_deallocations: 1.


Internal statistics:

num_allocs_failed_limit: 0.
num_arena_births: 190.
num_arena_deaths: 0.
num_vsnodes_births: 2.
num_vsnodes_deaths: 0.
num_space_committed: 222.
num_space_uncommitted: 0.
num_chunks_returned_to_freelist: 0.
num_chunks_taken_from_freelist: 609.
num_chunk_merges: 0.
num_chunk_splits: 401.
num_chunks_enlarged: 295.
num_inconsistent_stats: 0.

CodeHeap 'non-profiled nmethods': size=120000Kb used=1259Kb max_used=1259Kb free=118740Kb
 bounds [0x000001733b900000, 0x000001733bb70000, 0x0000017342e30000]
CodeHeap 'profiled nmethods': size=120000Kb used=4966Kb max_used=4966Kb free=115033Kb
 bounds [0x0000017333e30000, 0x0000017334310000, 0x000001733b360000]
CodeHeap 'non-nmethods': size=5760Kb used=1219Kb max_used=1246Kb free=4540Kb
 bounds [0x000001733b360000, 0x000001733b5d0000, 0x000001733b900000]
 total_blobs=3002 nmethods=2480 adapters=434
 compilation: enabled
              stopped_count=0, restarted_count=0
 full_count=0

Compilation events (20 events):
Event: 124.278 Thread 0x000001734666bc60 nmethod 2463 0x00000173342f8a10 code [0x00000173342f8d40, 0x00000173342fa258]
Event: 124.278 Thread 0x000001734666bc60 2464       3       java.lang.invoke.InvokerBytecodeGenerator::storeInsnOpcode (98 bytes)
Event: 124.278 Thread 0x000001734666bc60 nmethod 2464 0x00000173342fa910 code [0x00000173342fab80, 0x00000173342fb558]
Event: 124.285 Thread 0x000001734666bc60 2465       3       java.lang.Class::createAnnotationData (195 bytes)
Event: 124.286 Thread 0x000001734666bc60 nmethod 2465 0x00000173342fb890 code [0x00000173342fbc00, 0x00000173342fd198]
Event: 124.286 Thread 0x000001734666bc60 2466       3       java.lang.Class$AnnotationData::<init> (20 bytes)
Event: 124.286 Thread 0x000001734666bc60 nmethod 2466 0x00000173342fd890 code [0x00000173342fda40, 0x00000173342fdc58]
Event: 124.286 Thread 0x000001734666bc60 2467       3       java.lang.Class$Atomic::casAnnotationData (13 bytes)
Event: 124.286 Thread 0x000001734666bc60 nmethod 2467 0x00000173342fdd10 code [0x00000173342fdea0, 0x00000173342fdff8]
Event: 124.293 Thread 0x000001734666bc60 2468       3       jdk.internal.org.objectweb.asm.Frame::setInputFrameFromDescriptor (175 bytes)
Event: 124.293 Thread 0x000001734666bc60 nmethod 2468 0x00000173342fe090 code [0x00000173342fe2c0, 0x00000173342fea98]
Event: 124.296 Thread 0x000001734666bc60 2469       3       sun.reflect.annotation.AnnotationParser$$Lambda$37/0x0000017348058ac0::get (16 bytes)
Event: 124.296 Thread 0x000001734666bc60 nmethod 2469 0x00000173342fee90 code [0x00000173342ff040, 0x00000173342ff1e8]
Event: 124.296 Thread 0x000001734666bc60 2470       3       sun.reflect.annotation.AnnotationParser::lambda$parseClassArray$0 (7 bytes)
Event: 124.296 Thread 0x000001734666bc60 nmethod 2470 0x00000173342ff290 code [0x00000173342ff440, 0x00000173342ff548]
Event: 124.309 Thread 0x000001734666bc60 2471       3       org.gradle.internal.service.DefaultServiceRegistry$FactoryService::<init> (14 bytes)
Event: 124.309 Thread 0x000001734666bc60 nmethod 2471 0x00000173342ff610 code [0x00000173342ff7c0, 0x00000173342ff968]
Event: 124.309 Thread 0x000001734666bc60 2472       3       org.gradle.internal.service.DefaultServiceRegistry::access$2700 (6 bytes)
Event: 124.309 Thread 0x000001734666bc60 nmethod 2472 0x00000173342ffa10 code [0x00000173342ffbc0, 0x00000173342ffcc8]
Event: 124.309 Thread 0x000001734666bc60 2473       3       org.gradle.internal.service.DefaultServiceRegistry::validateImplementationForServiceTypes (84 bytes)

GC Heap History (4 events):
Event: 13.591 GC heap before
{Heap before GC invocations=0 (full 0):
 garbage-first heap   total 262144K, used 13312K [0x00000000e0000000, 0x0000000100000000)
  region size 1024K, 13 young (13312K), 0 survivors (0K)
 Metaspace       used 782K, committed 896K, reserved 393216K
  class space    used 61K, committed 128K, reserved 327680K
}
Event: 13.603 GC heap after
{Heap after GC invocations=1 (full 0):
 garbage-first heap   total 262144K, used 1216K [0x00000000e0000000, 0x0000000100000000)
  region size 1024K, 2 young (2048K), 2 survivors (2048K)
 Metaspace       used 782K, committed 896K, reserved 393216K
  class space    used 61K, committed 128K, reserved 327680K
}
Event: 34.837 GC heap before
{Heap before GC invocations=1 (full 0):
 garbage-first heap   total 262144K, used 22720K [0x00000000e0000000, 0x0000000100000000)
  region size 1024K, 21 young (21504K), 2 survivors (2048K)
 Metaspace       used 2078K, committed 2240K, reserved 393216K
  class space    used 213K, committed 320K, reserved 327680K
}
Event: 34.841 GC heap after
{Heap after GC invocations=2 (full 0):
 garbage-first heap   total 262144K, used 9808K [0x00000000e0000000, 0x0000000100000000)
  region size 1024K, 3 young (3072K), 3 survivors (3072K)
 Metaspace       used 2078K, committed 2240K, reserved 393216K
  class space    used 213K, committed 320K, reserved 327680K
}

Dll operation events (15 events):
Event: 0.140 Loaded shared library C:\Users\USER\.jdks\ms-17.0.19\bin\java.dll
Event: 0.164 Loaded shared library C:\Users\USER\.jdks\ms-17.0.19\bin\jsvml.dll
Event: 0.271 Loaded shared library C:\Users\USER\.jdks\ms-17.0.19\bin\zip.dll
Event: 0.277 Loaded shared library C:\Users\USER\.jdks\ms-17.0.19\bin\instrument.dll
Event: 0.287 Loaded shared library C:\Users\USER\.jdks\ms-17.0.19\bin\net.dll
Event: 0.305 Loaded shared library C:\Users\USER\.jdks\ms-17.0.19\bin\nio.dll
Event: 0.414 Loaded shared library C:\Users\USER\.jdks\ms-17.0.19\bin\zip.dll
Event: 23.528 Loaded shared library C:\Users\USER\.jdks\ms-17.0.19\bin\jimage.dll
Event: 33.195 Loaded shared library C:\Users\USER\.jdks\ms-17.0.19\bin\verify.dll
Event: 34.825 Loaded shared library C:\Users\USER\.gradle\native\1def1411415f61bf3af743bc5b6707747c0891f09f0c88961ee8f79bc544acac\windows-amd64\native-platform.dll
Event: 35.071 Loaded shared library C:\Users\USER\.gradle\native\0.2.7\x86_64-windows-gnu\gradle-fileevents.dll
Event: 73.785 Loaded shared library C:\Users\USER\.jdks\ms-17.0.19\bin\management.dll
Event: 73.795 Loaded shared library C:\Users\USER\.jdks\ms-17.0.19\bin\management_ext.dll
Event: 74.446 Loaded shared library C:\Users\USER\.jdks\ms-17.0.19\bin\extnet.dll
Event: 101.755 Loaded shared library C:\Users\USER\.jdks\ms-17.0.19\bin\sunmscapi.dll

Deoptimization events (20 events):
Event: 122.352 Thread 0x00000173613fa290 DEOPT PACKING pc=0x000001733ba15ba8 sp=0x000000374a5febf0
Event: 122.352 Thread 0x00000173613fa290 DEOPT UNPACKING pc=0x000001733b3b69a3 sp=0x000000374a5feb90 mode 2
Event: 122.353 Thread 0x00000173613fa290 Uncommon trap: trap_request=0xffffffc6 fr.pc=0x000001733ba15ba8 relative=0x0000000000000b88
Event: 122.353 Thread 0x00000173613fa290 Uncommon trap: reason=bimorphic_or_optimized_type_check action=maybe_recompile pc=0x000001733ba15ba8 method=java.util.HashMap.putVal(ILjava/lang/Object;Ljava/lang/Object;ZZ)Ljava/lang/Object; @ 253 c2
Event: 122.353 Thread 0x00000173613fa290 DEOPT PACKING pc=0x000001733ba15ba8 sp=0x000000374a5fece0
Event: 122.353 Thread 0x00000173613fa290 DEOPT UNPACKING pc=0x000001733b3b69a3 sp=0x000000374a5fec80 mode 2
Event: 122.788 Thread 0x00000173613fa290 DEOPT PACKING pc=0x0000017333f29b1b sp=0x000000374a5f8aa0
Event: 122.788 Thread 0x00000173613fa290 DEOPT UNPACKING pc=0x000001733b3b7143 sp=0x000000374a5f7fc0 mode 0
Event: 124.034 Thread 0x00000173613fa290 Uncommon trap: trap_request=0xffffff45 fr.pc=0x000001733ba04520 relative=0x0000000000000c20
Event: 124.034 Thread 0x00000173613fa290 Uncommon trap: reason=unstable_if action=reinterpret pc=0x000001733ba04520 method=java.util.HashMap.getNode(Ljava/lang/Object;)Ljava/util/HashMap$Node; @ 66 c2
Event: 124.034 Thread 0x00000173613fa290 DEOPT PACKING pc=0x000001733ba04520 sp=0x000000374a5fbe70
Event: 124.034 Thread 0x00000173613fa290 DEOPT UNPACKING pc=0x000001733b3b69a3 sp=0x000000374a5fbdc0 mode 2
Event: 124.034 Thread 0x00000173613fa290 Uncommon trap: trap_request=0xffffff45 fr.pc=0x000001733b934a64 relative=0x0000000000000524
Event: 124.034 Thread 0x00000173613fa290 Uncommon trap: reason=unstable_if action=reinterpret pc=0x000001733b934a64 method=java.util.HashMap.getNode(Ljava/lang/Object;)Ljava/util/HashMap$Node; @ 66 c2
Event: 124.034 Thread 0x00000173613fa290 DEOPT PACKING pc=0x000001733b934a64 sp=0x000000374a5fbe30
Event: 124.034 Thread 0x00000173613fa290 DEOPT UNPACKING pc=0x000001733b3b69a3 sp=0x000000374a5fbdc0 mode 2
Event: 124.050 Thread 0x00000173613fa290 Uncommon trap: trap_request=0xffffff45 fr.pc=0x000001733b99c9d8 relative=0x00000000000002b8
Event: 124.050 Thread 0x00000173613fa290 Uncommon trap: reason=unstable_if action=reinterpret pc=0x000001733b99c9d8 method=java.util.concurrent.ConcurrentHashMap.get(Ljava/lang/Object;)Ljava/lang/Object; @ 152 c2
Event: 124.050 Thread 0x00000173613fa290 DEOPT PACKING pc=0x000001733b99c9d8 sp=0x000000374a5fb320
Event: 124.050 Thread 0x00000173613fa290 DEOPT UNPACKING pc=0x000001733b3b69a3 sp=0x000000374a5fb288 mode 2

Classes loaded (20 events):
Event: 124.041 Loading class sun/reflect/generics/reflectiveObjects/WildcardTypeImpl
Event: 124.041 Loading class sun/reflect/generics/reflectiveObjects/WildcardTypeImpl done
Event: 124.050 Loading class jdk/internal/vm/annotation/IntrinsicCandidate
Event: 124.050 Loading class jdk/internal/vm/annotation/IntrinsicCandidate done
Event: 124.060 Loading class java/util/stream/MatchOps$MatchKind
Event: 124.060 Loading class java/util/stream/MatchOps$MatchKind done
Event: 124.061 Loading class java/util/stream/MatchOps
Event: 124.061 Loading class java/util/stream/MatchOps done
Event: 124.061 Loading class java/util/stream/MatchOps$MatchOp
Event: 124.061 Loading class java/util/stream/MatchOps$MatchOp done
Event: 124.061 Loading class java/util/stream/MatchOps$BooleanTerminalSink
Event: 124.061 Loading class java/util/stream/MatchOps$BooleanTerminalSink done
Event: 124.062 Loading class java/util/stream/MatchOps$1MatchSink
Event: 124.062 Loading class java/util/stream/MatchOps$1MatchSink done
Event: 124.097 Loading class java/lang/TypeNotPresentException
Event: 124.098 Loading class java/lang/TypeNotPresentException done
Event: 124.189 Loading class java/util/ConcurrentModificationException
Event: 124.189 Loading class java/util/ConcurrentModificationException done
Event: 124.225 Loading class sun/reflect/generics/scope/ConstructorScope
Event: 124.225 Loading class sun/reflect/generics/scope/ConstructorScope done

Classes unloaded (0 events):
No events

Classes redefined (0 events):
No events

Internal exceptions (20 events):
Event: 73.839 Thread 0x000001732c2906c0 Exception <a 'java/lang/NoSuchMethodError'{0x00000000ead4be88}: 'java.lang.Object java.lang.invoke.DirectMethodHandle$Holder.invokeInterface(java.lang.Object, java.lang.Object)'> (0x00000000ead4be88) 
thrown [s\src\hotspot\share\interpreter\linkResolver.cpp, line 759]
Event: 74.453 Thread 0x000001732c2906c0 Exception <a 'java/lang/NoSuchMethodError'{0x00000000ea93ccc0}: 'void java.lang.invoke.DirectMethodHandle$Holder.invokeStatic(java.lang.Object, java.lang.Object, java.lang.Object)'> (0x00000000ea93ccc0) 
thrown [s\src\hotspot\share\interpreter\linkResolver.cpp, line 759]
Event: 74.625 Thread 0x000001732c2906c0 Exception <a 'java/lang/NoSuchMethodError'{0x00000000ea7c7e00}: 'java.lang.Object java.lang.invoke.DirectMethodHandle$Holder.invokeStaticInit(java.lang.Object, int, int, int, int)'> (0x00000000ea7c7e00) 
thrown [s\src\hotspot\share\interpreter\linkResolver.cpp, line 759]
Event: 74.891 Thread 0x000001732c2906c0 Exception <a 'java/lang/NoSuchMethodError'{0x00000000ea64b608}: 'java.lang.Object java.lang.invoke.DirectMethodHandle$Holder.invokeStaticInit(java.lang.Object, java.lang.Object, int, int, int, int)'> (0x00000000ea64b608) 
thrown [s\src\hotspot\share\interpreter\linkResolver.cpp, line 759]
Event: 75.141 Thread 0x000001732c2906c0 Exception <a 'java/io/IOException'{0x00000000ea3608e8}> (0x00000000ea3608e8) 
thrown [s\src\hotspot\share\prims\jni.cpp, line 516]
Event: 75.147 Thread 0x000001732c2906c0 Implicit null exception at 0x000001733b95c872 to 0x000001733b95ce8c
Event: 75.153 Thread 0x000001732c2906c0 Exception <a 'java/lang/NoSuchMethodError'{0x00000000ea3c8788}: 'java.lang.Object java.lang.invoke.DirectMethodHandle$Holder.newInvokeSpecial(java.lang.Object, java.lang.Object, java.lang.Object, java.lang.Object, java.lang.Object)'> (0x00000000ea3c8788) 
thrown [s\src\hotspot\share\interpreter\linkResolver.cpp, line 759]
Event: 122.219 Thread 0x00000173614cf030 Exception <a 'java/lang/NoSuchMethodError'{0x00000000e9d66058}: static Lorg/gradle/tooling/internal/provider/serialization/ClassLoaderDetails;.<clinit>()V> (0x00000000e9d66058) 
thrown [s\src\hotspot\share\prims\jni.cpp, line 1112]
Event: 122.229 Thread 0x00000173614cf030 Exception <a 'java/lang/NoSuchMethodError'{0x00000000e9d7f6d8}: static Lorg/gradle/internal/classloader/ClassLoaderSpec;.<clinit>()V> (0x00000000e9d7f6d8) 
thrown [s\src\hotspot\share\prims\jni.cpp, line 1112]
Event: 122.230 Thread 0x00000173614cf030 Exception <a 'java/lang/NoSuchMethodError'{0x00000000e9d89158}: static Lorg/gradle/tooling/internal/provider/serialization/WellKnownClassLoaderRegistry$KnownClassLoaderSpec;.<clinit>()V> (0x00000000e9d89158) 
thrown [s\src\hotspot\share\prims\jni.cpp, line 1112]
Event: 122.236 Thread 0x00000173614cf030 Exception <a 'java/lang/NoSuchMethodError'{0x00000000e9d9f738}: static Lorg/gradle/tooling/internal/provider/serialization/ClientOwnedClassLoaderSpec;.<clinit>()V> (0x00000000e9d9f738) 
thrown [s\src\hotspot\share\prims\jni.cpp, line 1112]
Event: 122.335 Thread 0x00000173609d3030 Exception <a 'java/lang/NoSuchMethodError'{0x00000000ea0f81d8}: 'void java.lang.invoke.DirectMethodHandle$Holder.invokeSpecial(java.lang.Object, java.lang.Object, java.lang.Object)'> (0x00000000ea0f81d8) 
thrown [s\src\hotspot\share\interpreter\linkResolver.cpp, line 759]
Event: 123.033 Thread 0x00000173613fa290 Exception <a 'java/lang/NoSuchMethodError'{0x00000000e971ac90}: 'long java.lang.invoke.DirectMethodHandle$Holder.invokeInterface(java.lang.Object, java.lang.Object)'> (0x00000000e971ac90) 
thrown [s\src\hotspot\share\interpreter\linkResolver.cpp, line 759]
Event: 123.958 Thread 0x00000173613fa290 Exception <a 'java/lang/NoSuchMethodError'{0x00000000e9380298}: 'void java.lang.invoke.DirectMethodHandle$Holder.invokeStatic(java.lang.Object, java.lang.Object)'> (0x00000000e9380298) 
thrown [s\src\hotspot\share\interpreter\linkResolver.cpp, line 759]
Event: 124.068 Thread 0x00000173613fa290 Exception <a 'java/lang/NoSuchMethodError'{0x00000000e91c4ca0}: 'int java.lang.invoke.DirectMethodHandle$Holder.invokeVirtual(java.lang.Object, java.lang.Object, java.lang.Object)'> (0x00000000e91c4ca0) 
thrown [s\src\hotspot\share\interpreter\linkResolver.cpp, line 759]
Event: 124.140 Thread 0x00000173613fa290 Exception <a 'java/lang/NoSuchMethodError'{0x00000000e8e695c0}: 'java.lang.Object java.lang.invoke.DirectMethodHandle$Holder.newInvokeSpecial(java.lang.Object, java.lang.Object, java.lang.Object, java.lang.Object, java.lang.Object, java.lang.Object)'> (0x00000000e8e695c0) 
thrown [s\src\hotspot\share\interpreter\linkResolver.cpp, line 759]
Event: 124.262 Thread 0x00000173613fa290 Exception <a 'java/lang/NoSuchMethodError'{0x00000000e8b6fe68}: 'void java.lang.invoke.DelegatingMethodHandle$Holder.reinvoke_L(java.lang.Object, java.lang.Object, java.lang.Object, java.lang.Object, java.lang.Object, java.lang.Object, java.lang.Object, java.lang.Object, java.lang.Object, java.lang.Object)'> (0x00000000e8b6fe68) 
thrown [s\src\hotspot\share\interpreter\linkResolver.cpp, line 759]
Event: 124.263 Thread 0x00000173613fa290 Exception <a 'java/lang/NoSuchMethodError'{0x00000000e8b782d8}: 'java.lang.Object java.lang.invoke.DirectMethodHandle$Holder.invokeSpecial(java.lang.Object, java.lang.Object, java.lang.Object, java.lang.Object, java.lang.Object, java.lang.Object, java.lang.Object, java.lang.Object, java.lang.Object, java.lang.Object)'> (0x00000000e8b782d8) 
thrown [s\src\hotspot\share\interpreter\linkResolver.cpp, line 759]
Event: 124.263 Thread 0x00000173613fa290 Exception <a 'java/lang/NoSuchMethodError'{0x00000000e8b7cba8}: 'java.lang.Object java.lang.invoke.Invokers$Holder.invoker(java.lang.Object, java.lang.Object, java.lang.Object, java.lang.Object, java.lang.Object, java.lang.Object, java.lang.Object, java.lang.Object, java.lang.Object, java.lang.Object)'> (0x00000000e8b7cba8) 
thrown [s\src\hotspot\share\interpreter\linkResolver.cpp, line 759]
Event: 124.264 Thread 0x00000173613fa290 Exception <a 'java/lang/NoSuchMethodError'{0x00000000e8b82988}: 'java.lang.Object java.lang.invoke.DirectMethodHandle$Holder.invokeSpecial(java.lang.Object, java.lang.Object, java.lang.Object, java.lang.Object, java.lang.Object, java.lang.Object, java.lang.Object, java.lang.Object, java.lang.Object, java.lang.Object, java.lang.Object)'> (0x00000000e8b82988) 
thrown [s\src\hotspot\share\interpreter\linkResolver.cpp, line 759]

VM Operations (20 events):
Event: 101.476 Executing VM operation: HandshakeAllThreads
Event: 101.477 Executing VM operation: HandshakeAllThreads done
Event: 101.477 Executing VM operation: Cleanup
Event: 101.477 Executing VM operation: Cleanup done
Event: 102.489 Executing VM operation: Cleanup
Event: 102.661 Executing VM operation: Cleanup done
Event: 104.673 Executing VM operation: Cleanup
Event: 104.673 Executing VM operation: Cleanup done
Event: 105.683 Executing VM operation: Cleanup
Event: 105.683 Executing VM operation: Cleanup done
Event: 115.780 Executing VM operation: Cleanup
Event: 115.780 Executing VM operation: Cleanup done
Event: 120.613 Executing VM operation: HandshakeAllThreads
Event: 120.622 Executing VM operation: HandshakeAllThreads done
Event: 121.633 Executing VM operation: Cleanup
Event: 121.633 Executing VM operation: Cleanup done
Event: 122.638 Executing VM operation: Cleanup
Event: 122.638 Executing VM operation: Cleanup done
Event: 123.642 Executing VM operation: Cleanup
Event: 123.705 Executing VM operation: Cleanup done

Memory protections (0 events):
No events

Nmethod flushes (0 events):
No events

Events (20 events):
Event: 0.188 Thread 0x000001732c2906c0 Thread added: 0x000001734660e290
Event: 0.188 Thread 0x000001732c2906c0 Thread added: 0x000001734660eb60
Event: 0.188 Thread 0x000001732c2906c0 Thread added: 0x000001734660f430
Event: 0.188 Thread 0x000001732c2906c0 Thread added: 0x0000017346610030
Event: 0.192 Thread 0x000001732c2906c0 Thread added: 0x000001734666bc60
Event: 0.193 Thread 0x000001732c2906c0 Thread added: 0x000001734666e930
Event: 0.226 Thread 0x000001732c2906c0 Thread added: 0x00000173465dbe90
Event: 1.958 Thread 0x000001732c2906c0 Thread added: 0x00000173467e1680
Event: 23.529 Thread 0x0000017346610030 Thread added: 0x000001734681e9a0
Event: 23.777 Thread 0x000001734681e9a0 Thread exited: 0x000001734681e9a0
Event: 73.870 Thread 0x000001732c2906c0 Thread added: 0x0000017361498d20
Event: 74.913 Thread 0x000001732c2906c0 Thread added: 0x00000173606c9090
Event: 75.161 Thread 0x000001732c2906c0 Thread added: 0x00000173605c7940
Event: 104.028 Thread 0x00000173606c9090 Thread added: 0x00000173609d3030
Event: 104.307 Thread 0x00000173609d3030 Thread added: 0x00000173614cf030
Event: 122.292 Thread 0x00000173609d3030 Thread added: 0x00000173613fd020
Event: 122.337 Thread 0x00000173609d3030 Thread added: 0x00000173613fa290
Event: 122.366 Thread 0x00000173613fa290 Thread added: 0x00000173613fbbe0
Event: 122.376 Thread 0x00000173613fa290 Thread added: 0x00000173613f9d80
Event: 122.382 Thread 0x00000173613fa290 Thread added: 0x00000173613f9870


Dynamic libraries:
0x00007ff7e6230000 - 0x00007ff7e623e000 	C:\Users\USER\.jdks\ms-17.0.19\bin\java.exe
0x00007ffeb3150000 - 0x00007ffeb3348000 	C:\windows\SYSTEM32\ntdll.dll
0x00007ffeb26f0000 - 0x00007ffeb27b2000 	C:\windows\System32\KERNEL32.DLL
0x00007ffeb0b70000 - 0x00007ffeb0e66000 	C:\windows\System32\KERNELBASE.dll
0x00007ffeb0a70000 - 0x00007ffeb0b70000 	C:\windows\System32\ucrtbase.dll
0x00007ffe7feb0000 - 0x00007ffe7fec8000 	C:\Users\USER\.jdks\ms-17.0.19\bin\jli.dll
0x00007ffeb12b0000 - 0x00007ffeb1451000 	C:\windows\System32\USER32.dll
0x00007ffeb0e70000 - 0x00007ffeb0e92000 	C:\windows\System32\win32u.dll
0x00007ffeb1be0000 - 0x00007ffeb1c0b000 	C:\windows\System32\GDI32.dll
0x00007ffe7fe90000 - 0x00007ffe7feae000 	C:\Users\USER\.jdks\ms-17.0.19\bin\VCRUNTIME140.dll
0x00007ffe97d40000 - 0x00007ffe97fdb000 	C:\windows\WinSxS\amd64_microsoft.windows.common-controls_6595b64144ccf1df_6.0.19041.6456_none_60b8a6cb71f64256\COMCTL32.dll
0x00007ffeb1990000 - 0x00007ffeb1a2e000 	C:\windows\System32\msvcrt.dll
0x00007ffeb1050000 - 0x00007ffeb1169000 	C:\windows\System32\gdi32full.dll
0x00007ffeb09d0000 - 0x00007ffeb0a6d000 	C:\windows\System32\msvcp_win.dll
0x00007ffeb2c70000 - 0x00007ffeb2c9f000 	C:\windows\System32\IMM32.DLL
0x00007ffe96fa0000 - 0x00007ffe96fac000 	C:\Users\USER\.jdks\ms-17.0.19\bin\vcruntime140_1.dll
0x00007ffe7f8d0000 - 0x00007ffe7f959000 	C:\Users\USER\.jdks\ms-17.0.19\bin\msvcp140.dll
0x00007ffde5540000 - 0x00007ffde61bb000 	C:\Users\USER\.jdks\ms-17.0.19\bin\server\jvm.dll
0x00007ffeb2a40000 - 0x00007ffeb2af1000 	C:\windows\System32\ADVAPI32.dll
0x00007ffeb2b00000 - 0x00007ffeb2b9f000 	C:\windows\System32\sechost.dll
0x00007ffeb2ff0000 - 0x00007ffeb3110000 	C:\windows\System32\RPCRT4.dll
0x00007ffeb1020000 - 0x00007ffeb1047000 	C:\windows\System32\bcrypt.dll
0x00007ffeb27c0000 - 0x00007ffeb282b000 	C:\windows\System32\WS2_32.dll
0x00007ffeb0640000 - 0x00007ffeb068b000 	C:\windows\SYSTEM32\POWRPROF.dll
0x00007ffe95730000 - 0x00007ffe95757000 	C:\windows\SYSTEM32\WINMM.dll
0x00007ffeaa650000 - 0x00007ffeaa65a000 	C:\windows\SYSTEM32\VERSION.dll
0x00007ffeb0620000 - 0x00007ffeb0632000 	C:\windows\SYSTEM32\UMPDC.dll
0x00007ffeaeff0000 - 0x00007ffeaf002000 	C:\windows\SYSTEM32\kernel.appcore.dll
0x00007ffe90540000 - 0x00007ffe9054a000 	C:\Users\USER\.jdks\ms-17.0.19\bin\jimage.dll
0x00007ffeae520000 - 0x00007ffeae721000 	C:\windows\SYSTEM32\DBGHELP.DLL
0x00007ffe94120000 - 0x00007ffe94154000 	C:\windows\SYSTEM32\dbgcore.DLL
0x00007ffeb0940000 - 0x00007ffeb09c2000 	C:\windows\System32\bcryptPrimitives.dll
0x00007ffe87ce0000 - 0x00007ffe87cef000 	C:\Users\USER\.jdks\ms-17.0.19\bin\instrument.dll
0x00007ffe7f830000 - 0x00007ffe7f856000 	C:\Users\USER\.jdks\ms-17.0.19\bin\java.dll
0x00007ffe7f750000 - 0x00007ffe7f826000 	C:\Users\USER\.jdks\ms-17.0.19\bin\jsvml.dll
0x00007ffeb1f80000 - 0x00007ffeb26f0000 	C:\windows\System32\SHELL32.dll
0x00007ffeae730000 - 0x00007ffeaeed5000 	C:\windows\SYSTEM32\windows.storage.dll
0x00007ffeb1c20000 - 0x00007ffeb1f74000 	C:\windows\System32\combase.dll
0x00007ffeb0130000 - 0x00007ffeb015b000 	C:\windows\SYSTEM32\Wldp.dll
0x00007ffeb2ba0000 - 0x00007ffeb2c6d000 	C:\windows\System32\OLEAUT32.dll
0x00007ffeb18e0000 - 0x00007ffeb198d000 	C:\windows\System32\SHCORE.dll
0x00007ffeb2eb0000 - 0x00007ffeb2f0b000 	C:\windows\System32\shlwapi.dll
0x00007ffeb0710000 - 0x00007ffeb0734000 	C:\windows\SYSTEM32\profapi.dll
0x00007ffe7fbf0000 - 0x00007ffe7fc08000 	C:\Users\USER\.jdks\ms-17.0.19\bin\zip.dll
0x00007ffe7fb60000 - 0x00007ffe7fb7b000 	C:\Users\USER\.jdks\ms-17.0.19\bin\net.dll
0x00007ffea9030000 - 0x00007ffea913a000 	C:\windows\SYSTEM32\WINHTTP.dll
0x00007ffeafe90000 - 0x00007ffeafefa000 	C:\windows\system32\mswsock.dll
0x00007ffe7f730000 - 0x00007ffe7f746000 	C:\Users\USER\.jdks\ms-17.0.19\bin\nio.dll
0x00007ffe70cd0000 - 0x00007ffe70ce0000 	C:\Users\USER\.jdks\ms-17.0.19\bin\verify.dll
0x00007ffe862d0000 - 0x00007ffe862f7000 	C:\Users\USER\.gradle\native\1def1411415f61bf3af743bc5b6707747c0891f09f0c88961ee8f79bc544acac\windows-amd64\native-platform.dll
0x00007ffdf7880000 - 0x00007ffdf78f8000 	C:\Users\USER\.gradle\native\0.2.7\x86_64-windows-gnu\gradle-fileevents.dll
0x00007ffe70c80000 - 0x00007ffe70c8a000 	C:\Users\USER\.jdks\ms-17.0.19\bin\management.dll
0x00007ffe69880000 - 0x00007ffe6988c000 	C:\Users\USER\.jdks\ms-17.0.19\bin\management_ext.dll
0x00007ffeb1c10000 - 0x00007ffeb1c18000 	C:\windows\System32\PSAPI.DLL
0x00007ffeafb70000 - 0x00007ffeafbab000 	C:\windows\SYSTEM32\IPHLPAPI.DLL
0x00007ffeb1460000 - 0x00007ffeb1468000 	C:\windows\System32\NSI.dll
0x00007ffea7d80000 - 0x00007ffea7d97000 	C:\windows\SYSTEM32\dhcpcsvc6.DLL
0x00007ffea7d60000 - 0x00007ffea7d7d000 	C:\windows\SYSTEM32\dhcpcsvc.DLL
0x00007ffeafbb0000 - 0x00007ffeafc7a000 	C:\windows\SYSTEM32\DNSAPI.dll
0x00007ffe68df0000 - 0x00007ffe68df9000 	C:\Users\USER\.jdks\ms-17.0.19\bin\extnet.dll
0x00007ffeb0090000 - 0x00007ffeb00a8000 	C:\windows\SYSTEM32\CRYPTSP.dll
0x00007ffeaf7b0000 - 0x00007ffeaf7e8000 	C:\windows\system32\rsaenh.dll
0x00007ffeb0690000 - 0x00007ffeb06be000 	C:\windows\SYSTEM32\USERENV.dll
0x00007ffeb0080000 - 0x00007ffeb008c000 	C:\windows\SYSTEM32\CRYPTBASE.dll
0x00007ffe6f570000 - 0x00007ffe6f57e000 	C:\Users\USER\.jdks\ms-17.0.19\bin\sunmscapi.dll
0x00007ffeb07e0000 - 0x00007ffeb093d000 	C:\windows\System32\CRYPT32.dll
0x00007ffeb01a0000 - 0x00007ffeb01c7000 	C:\windows\SYSTEM32\ncrypt.dll
0x00007ffeb0160000 - 0x00007ffeb019b000 	C:\windows\SYSTEM32\NTASN1.dll
0x00007ffe911c0000 - 0x00007ffe911c7000 	C:\windows\system32\wshunix.dll

dbghelp: loaded successfully - version: 4.0.5 - missing functions: none
symbol engine: initialized successfully - sym options: 0x614 - pdb path: .;C:\Users\USER\.jdks\ms-17.0.19\bin;C:\windows\SYSTEM32;C:\windows\WinSxS\amd64_microsoft.windows.common-controls_6595b64144ccf1df_6.0.19041.6456_none_60b8a6cb71f64256;C:\Users\USER\.jdks\ms-17.0.19\bin\server;C:\Users\USER\.gradle\native\1def1411415f61bf3af743bc5b6707747c0891f09f0c88961ee8f79bc544acac\windows-amd64;C:\Users\USER\.gradle\native\0.2.7\x86_64-windows-gnu

VM Arguments:
jvm_args: --add-opens=java.base/java.lang=ALL-UNNAMED --add-opens=java.base/java.lang.invoke=ALL-UNNAMED --add-opens=java.base/java.util=ALL-UNNAMED --add-opens=java.prefs/java.util.prefs=ALL-UNNAMED --add-exports=jdk.compiler/com.sun.tools.javac.api=ALL-UNNAMED --add-exports=jdk.compiler/com.sun.tools.javac.util=ALL-UNNAMED --add-opens=java.base/java.util=ALL-UNNAMED --add-opens=java.prefs/java.util.prefs=ALL-UNNAMED --add-opens=java.base/java.nio.charset=ALL-UNNAMED --add-opens=java.base/java.net=ALL-UNNAMED --add-opens=java.base/java.util.concurrent.atomic=ALL-UNNAMED --add-opens=java.xml/javax.xml.namespace=ALL-UNNAMED -XX:MaxMetaspaceSize=384m -XX:+HeapDumpOnOutOfMemoryError -Xms256m -Xmx512m -Dfile.encoding=UTF-8 -Duser.country=ID -Duser.language=en -Duser.variant -javaagent:C:\Users\USER\.gradle\wrapper\dists\gradle-8.14-bin\38aieal9i53h9rfe7vjup95b9\gradle-8.14\lib\agents\gradle-instrumentation-agent-8.14.jar 
java_command: org.gradle.launcher.daemon.bootstrap.GradleDaemon 8.14
java_class_path (initial): C:\Users\USER\.gradle\wrapper\dists\gradle-8.14-bin\38aieal9i53h9rfe7vjup95b9\gradle-8.14\lib\gradle-daemon-main-8.14.jar
Launcher Type: SUN_STANDARD

[Global flags]
     intx CICompilerCount                          = 3                                         {product} {ergonomic}
   size_t CompressedClassSpaceSize                 = 335544320                                 {product} {ergonomic}
     uint ConcGCThreads                            = 1                                         {product} {ergonomic}
     uint G1ConcRefinementThreads                  = 4                                         {product} {ergonomic}
   size_t G1HeapRegionSize                         = 1048576                                   {product} {ergonomic}
    uintx GCDrainStackTargetSize                   = 64                                        {product} {ergonomic}
     bool HeapDumpOnOutOfMemoryError               = true                                   {manageable} {command line}
   size_t InitialHeapSize                          = 268435456                                 {product} {command line}
   size_t MarkStackSize                            = 4194304                                   {product} {ergonomic}
   size_t MaxHeapSize                              = 536870912                                 {product} {command line}
   size_t MaxMetaspaceSize                         = 402653184                                 {product} {command line}
   size_t MaxNewSize                               = 321912832                                 {product} {ergonomic}
   size_t MinHeapDeltaBytes                        = 1048576                                   {product} {ergonomic}
   size_t MinHeapSize                              = 268435456                                 {product} {command line}
    uintx NonNMethodCodeHeapSize                   = 5832780                                {pd product} {ergonomic}
    uintx NonProfiledCodeHeapSize                  = 122912730                              {pd product} {ergonomic}
    uintx ProfiledCodeHeapSize                     = 122912730                              {pd product} {ergonomic}
    uintx ReservedCodeCacheSize                    = 251658240                              {pd product} {ergonomic}
     bool SegmentedCodeCache                       = true                                      {product} {ergonomic}
   size_t SoftMaxHeapSize                          = 536870912                              {manageable} {ergonomic}
     bool UseCompressedClassPointers               = true                           {product lp64_product} {ergonomic}
     bool UseCompressedOops                        = true                           {product lp64_product} {ergonomic}
     bool UseG1GC                                  = true                                      {product} {ergonomic}
     bool UseLargePagesIndividualAllocation        = false                                  {pd product} {ergonomic}

Logging:
Log output configuration:
 #0: stdout all=warning uptime,level,tags
 #1: stderr all=off uptime,level,tags

Environment Variables:
JAVA_HOME=C:\APP\JAVA\jdk\jdk-11.0.28
PATH=C:\oraclexe\app\oracle\product\11.2.0\server\bin;C:\windows\system32;C:\windows;C:\windows\System32\Wbem;C:\windows\System32\WindowsPowerShell\v1.0\;C:\windows\System32\OpenSSH\;C:\Program Files\Java\jdk1.8.0_291\bin;C:\Program Files\New folder\bin;C:\Program Files\Java\jdk1.8.0_291\bin;C:\Program Files\Java\jdk1.8.0_291\bin;C:\Program Files\Java\jre1.8.0_291\lib\ext;C:\Program Files\Java\jre1.8.0_291\lib\ext;C:\report-designer\lib;C:\xampp\php;C:\ProgramData\ComposerSetup\bin;C:\Users\USER\Downloads\gradle-9.4.1-bin;C:\gradle-8.14-bin\gradle-8.14\bin;C:\Program Files\nodejs\;C:\Program Files\Gittt\cmd;C:\Users\USER\AppData\Local\Microsoft\WindowsApps;C:\Users\USER\AppData\Local\Programs\Microsoft VS Code\bin;C:\Users\USER\AppData\Roaming\Composer\vendor\bin;C:\xampp\php;C:\APP\JAVA\jdk\jdk-11.0.28\bin;C:\APP\GRADLE\gradle-8.14\bin;C:\APP\MAVEN\apache-maven-3.9.11\bin;C:\Users\USER\AppData\Roaming\npm;C:\Users\USER\AppData\Local\Android\Sdk\platform-tools;C:\Users\USER\AppData\Local\Android\Sdk\tools;C:\Users\USER\AppData\Local\Android\Sdk\tools\bin;
USERNAME=USER
OS=Windows_NT
PROCESSOR_IDENTIFIER=Intel64 Family 6 Model 142 Stepping 12, GenuineIntel
TMP=C:\Users\USER\AppData\Local\Temp
TEMP=C:\Users\USER\AppData\Local\Temp



Periodic native trim disabled


---------------  S Y S T E M  ---------------

OS:
 Windows 10 , 64 bit Build 19041 (10.0.19041.5915)
OS uptime: 0 days 0:24 hours

CPU: total 4 (initial active 4) (2 cores per cpu, 2 threads per core) family 6 model 142 stepping 12 microcode 0xde, cx8, cmov, fxsr, ht, mmx, 3dnowpref, sse, sse2, sse3, ssse3, sse4.1, sse4.2, popcnt, lzcnt, tsc, tscinvbit, avx, avx2, aes, erms, clmul, bmi1, bmi2, adx, fma, vzeroupper, clflush, clflushopt
Processor Information for the first 4 processors :
  Max Mhz: 2592, Current Mhz: 2093, Mhz Limit: 2073

Memory: 4k page, system-wide physical 8015M (262M free)
TotalPageFile size 18821M (AvailPageFile size 14M)
current process WorkingSet (physical memory assigned to process): 89M, peak: 105M
current process commit charge ("private bytes"): 381M, peak: 381M

vm_info: OpenJDK 64-Bit Server VM (17.0.19+10-LTS) for windows-amd64 JRE (17.0.19+10-LTS), built on Apr 18 2026 18:24:40 by "MicrosoftCorporation" with MS VC++ 17.14 (VS2022)

END.
